#
# There is insufficient memory for the Java Runtime Environment to continue.
# Native memory allocation (malloc) failed to allocate 1923376 bytes. Error detail: Chunk::new
# Possible reasons:
#   The system is out of physical RAM or swap space
#   This process is running with CompressedOops enabled, and the Java Heap may be blocking the growth of the native heap
# Possible solutions:
#   Reduce memory load on the system
#   Increase physical memory or swap space
#   Check if swap backing store is full
#   Decrease Java heap size (-Xmx/-Xms)
#   Decrease number of Java threads
#   Decrease Java thread stack sizes (-Xss)
#   Set larger code cache with -XX:ReservedCodeCacheSize=
#   JVM is running with Unscaled Compressed Oops mode in which the Java heap is
#     placed in the first 4GB address space. The Java Heap base address is the
#     maximum limit for the native heap growth. Please use -XX:HeapBaseMinAddress
#     to set the Java Heap base and to place the Java Heap above 4GB virtual address.
# This output file may be truncated or incomplete.
#
#  Out of Memory Error (arena.cpp:191), pid=6244, tid=15188
#
# JRE version: OpenJDK Runtime Environment (17.0.11) (build 17.0.11+0--11852314)
# Java VM: OpenJDK 64-Bit Server VM (17.0.11+0--11852314, mixed mode, tiered, compressed oops, compressed class ptrs, g1 gc, windows-amd64)
# No core dump will be written. Minidumps are not enabled by default on client versions of Windows
#

---------------  S U M M A R Y ------------

Command Line: --add-opens=java.base/java.util=ALL-UNNAMED --add-opens=java.base/java.lang=ALL-UNNAMED --add-opens=java.base/java.lang.invoke=ALL-UNNAMED --add-opens=java.prefs/java.util.prefs=ALL-UNNAMED --add-opens=java.base/java.nio.charset=ALL-UNNAMED --add-opens=java.base/java.net=ALL-UNNAMED --add-opens=java.base/java.util.concurrent.atomic=ALL-UNNAMED -Xmx2048m -Dfile.encoding=UTF-8 -Duser.country=US -Duser.language=en -Duser.variant -javaagent:C:\Users\hgdat\.gradle\wrapper\dists\gradle-8.7-bin\bhs2wmbdwecv87pi65oeuq5iu\gradle-8.7\lib\agents\gradle-instrumentation-agent-8.7.jar org.gradle.launcher.daemon.bootstrap.GradleDaemon 8.7

Host: 12th Gen Intel(R) Core(TM) i5-12450H, 12 cores, 7G,  Windows 11 , 64 bit Build 22000 (10.0.22000.2538)
Time: Tue Sep 17 10:19:09 2024 SE Asia Standard Time elapsed time: 4.633577 seconds (0d 0h 0m 4s)

---------------  T H R E A D  ---------------

Current thread (0x000002043b71def0):  JavaThread "C2 CompilerThread0" daemon [_thread_in_native, id=15188, stack(0x0000003b8b600000,0x0000003b8b700000)]


Current CompileTask:
C2:   4633 6433       4       java.lang.invoke.MethodType::makeImpl (109 bytes)

Stack: [0x0000003b8b600000,0x0000003b8b700000]
Native frames: (J=compiled Java code, j=interpreted, Vv=VM code, C=native code)
V  [jvm.dll+0x687bb9]
V  [jvm.dll+0x84142a]
V  [jvm.dll+0x8430ae]
V  [jvm.dll+0x843713]
V  [jvm.dll+0x24a35f]
V  [jvm.dll+0xac544]
V  [jvm.dll+0xacb8c]
V  [jvm.dll+0x369be2]
V  [jvm.dll+0x33416a]
V  [jvm.dll+0x33360a]
V  [jvm.dll+0x21bed1]
V  [jvm.dll+0x21b311]
V  [jvm.dll+0x1a63ed]
V  [jvm.dll+0x22b1ee]
V  [jvm.dll+0x229375]
V  [jvm.dll+0x7f5647]
V  [jvm.dll+0x7efa4a]
V  [jvm.dll+0x686a35]
C  [ucrtbase.dll+0x26c0c]
C  [KERNEL32.DLL+0x153e0]
C  [ntdll.dll+0x485b]


---------------  P R O C E S S  ---------------

Threads class SMR info:
_java_thread_list=0x0000020444112e60, length=56, elements={
0x000002042129a440, 0x000002043b6d0360, 0x000002043b6d11e0, 0x000002043b71b4c0,
0x000002043b71be80, 0x000002043b71c840, 0x000002043b71d200, 0x000002043b71def0,
0x000002043b71e9a0, 0x000002043b7248b0, 0x000002043b8836a0, 0x000002043b9d4c80,
0x0000020441ce58f0, 0x0000020441bf40a0, 0x0000020441d399d0, 0x0000020441bc6940,
0x0000020441bc4300, 0x00000204420208e0, 0x000002044201ef90, 0x000002044201e570,
0x0000020442020df0, 0x000002044201ea80, 0x000002044201f9b0, 0x00000204420203d0,
0x0000020442021300, 0x000002044201fec0, 0x0000020442021810, 0x000002044201e060,
0x000002044274d130, 0x000002044274ea80, 0x000002044274db50, 0x0000020442748030,
0x000002044274c200, 0x000002044274cc20, 0x000002044274b7e0, 0x000002044274bcf0,
0x000002044274e060, 0x0000020442748f60, 0x0000020442749980, 0x000002044274a8b0,
0x000002044274e570, 0x0000020442749470, 0x000002044274ef90, 0x0000020442747b20,
0x000002044274f4a0, 0x0000020442749e90, 0x0000020442748540, 0x000002044274b2d0,
0x000002044274a3a0, 0x000002044274adc0, 0x00000204430dc450, 0x00000204430de2b0,
0x00000204430dbf40, 0x00000204430dfc00, 0x00000204430db520, 0x00000204430df6f0
}

Java Threads: ( => current thread )
  0x000002042129a440 JavaThread "main" [_thread_blocked, id=15648, stack(0x0000003b8a900000,0x0000003b8aa00000)]
  0x000002043b6d0360 JavaThread "Reference Handler" daemon [_thread_blocked, id=5796, stack(0x0000003b8b000000,0x0000003b8b100000)]
  0x000002043b6d11e0 JavaThread "Finalizer" daemon [_thread_blocked, id=4744, stack(0x0000003b8b100000,0x0000003b8b200000)]
  0x000002043b71b4c0 JavaThread "Signal Dispatcher" daemon [_thread_blocked, id=2724, stack(0x0000003b8b200000,0x0000003b8b300000)]
  0x000002043b71be80 JavaThread "Attach Listener" daemon [_thread_blocked, id=11328, stack(0x0000003b8b300000,0x0000003b8b400000)]
  0x000002043b71c840 JavaThread "Service Thread" daemon [_thread_blocked, id=6620, stack(0x0000003b8b400000,0x0000003b8b500000)]
  0x000002043b71d200 JavaThread "Monitor Deflation Thread" daemon [_thread_blocked, id=1764, stack(0x0000003b8b500000,0x0000003b8b600000)]
=>0x000002043b71def0 JavaThread "C2 CompilerThread0" daemon [_thread_in_native, id=15188, stack(0x0000003b8b600000,0x0000003b8b700000)]
  0x000002043b71e9a0 JavaThread "C1 CompilerThread0" daemon [_thread_blocked, id=1336, stack(0x0000003b8b700000,0x0000003b8b800000)]
  0x000002043b7248b0 JavaThread "Sweeper thread" daemon [_thread_blocked, id=6400, stack(0x0000003b8b800000,0x0000003b8b900000)]
  0x000002043b8836a0 JavaThread "Common-Cleaner" daemon [_thread_blocked, id=8780, stack(0x0000003b8b900000,0x0000003b8ba00000)]
  0x000002043b9d4c80 JavaThread "Notification Thread" daemon [_thread_blocked, id=17380, stack(0x0000003b8ba00000,0x0000003b8bb00000)]
  0x0000020441ce58f0 JavaThread "Daemon health stats" [_thread_blocked, id=11800, stack(0x0000003b8c000000,0x0000003b8c100000)]
  0x0000020441bf40a0 JavaThread "Incoming local TCP Connector on port 50305" [_thread_in_native, id=4668, stack(0x0000003b8c100000,0x0000003b8c200000)]
  0x0000020441d399d0 JavaThread "Daemon periodic checks" [_thread_blocked, id=4960, stack(0x0000003b8c200000,0x0000003b8c300000)]
  0x0000020441bc6940 JavaThread "Daemon" [_thread_blocked, id=4752, stack(0x0000003b8c300000,0x0000003b8c400000)]
  0x0000020441bc4300 JavaThread "Handler for socket connection from /127.0.0.1:50305 to /127.0.0.1:50306" [_thread_in_native, id=8864, stack(0x0000003b8c400000,0x0000003b8c500000)]
  0x00000204420208e0 JavaThread "Cancel handler" [_thread_blocked, id=7688, stack(0x0000003b8c500000,0x0000003b8c600000)]
  0x000002044201ef90 JavaThread "Daemon worker" [_thread_in_Java, id=7960, stack(0x0000003b8c600000,0x0000003b8c700000)]
  0x000002044201e570 JavaThread "Asynchronous log dispatcher for DefaultDaemonConnection: socket connection from /127.0.0.1:50305 to /127.0.0.1:50306" [_thread_blocked, id=2700, stack(0x0000003b8c700000,0x0000003b8c800000)]
  0x0000020442020df0 JavaThread "Stdin handler" [_thread_blocked, id=1472, stack(0x0000003b8c800000,0x0000003b8c900000)]
  0x000002044201ea80 JavaThread "Daemon client event forwarder" [_thread_blocked, id=2404, stack(0x0000003b8c900000,0x0000003b8ca00000)]
  0x000002044201f9b0 JavaThread "Cache worker for journal cache (C:\Users\hgdat\.gradle\caches\journal-1)" [_thread_blocked, id=2608, stack(0x0000003b8d100000,0x0000003b8d200000)]
  0x00000204420203d0 JavaThread "File lock request listener" [_thread_in_native, id=4012, stack(0x0000003b8d200000,0x0000003b8d300000)]
  0x0000020442021300 JavaThread "Cache worker for file hash cache (C:\Users\hgdat\.gradle\caches\8.7\fileHashes)" [_thread_blocked, id=4612, stack(0x0000003b8d300000,0x0000003b8d400000)]
  0x000002044201fec0 JavaThread "Cache worker for file hash cache (D:\LTTDD\constraintlogin\.gradle\8.7\fileHashes)" [_thread_blocked, id=17372, stack(0x0000003b8d400000,0x0000003b8d500000)]
  0x0000020442021810 JavaThread "File watcher server" daemon [_thread_in_native, id=6760, stack(0x0000003b8d500000,0x0000003b8d600000)]
  0x000002044201e060 JavaThread "File watcher consumer" daemon [_thread_blocked, id=6648, stack(0x0000003b8d600000,0x0000003b8d700000)]
  0x000002044274d130 JavaThread "Cache worker for checksums cache (D:\LTTDD\constraintlogin\.gradle\8.7\checksums)" [_thread_blocked, id=11312, stack(0x0000003b8d700000,0x0000003b8d800000)]
  0x000002044274ea80 JavaThread "Cache worker for cache directory md-supplier (C:\Users\hgdat\.gradle\caches\8.7\md-supplier)" [_thread_blocked, id=17376, stack(0x0000003b8d800000,0x0000003b8d900000)]
  0x000002044274db50 JavaThread "Cache worker for cache directory md-rule (C:\Users\hgdat\.gradle\caches\8.7\md-rule)" [_thread_blocked, id=4884, stack(0x0000003b8d900000,0x0000003b8da00000)]
  0x0000020442748030 JavaThread "Cache worker for file content cache (C:\Users\hgdat\.gradle\caches\8.7\fileContent)" [_thread_blocked, id=784, stack(0x0000003b8da00000,0x0000003b8db00000)]
  0x000002044274c200 JavaThread "Cache worker for Build Output Cleanup Cache (D:\LTTDD\constraintlogin\.gradle\buildOutputCleanup)" [_thread_blocked, id=3204, stack(0x0000003b8db00000,0x0000003b8dc00000)]
  0x000002044274cc20 JavaThread "Unconstrained build operations" [_thread_blocked, id=3220, stack(0x0000003b8dc00000,0x0000003b8dd00000)]
  0x000002044274b7e0 JavaThread "Unconstrained build operations Thread 2" [_thread_blocked, id=15912, stack(0x0000003b8dd00000,0x0000003b8de00000)]
  0x000002044274bcf0 JavaThread "Unconstrained build operations Thread 3" [_thread_blocked, id=1556, stack(0x0000003b8de00000,0x0000003b8df00000)]
  0x000002044274e060 JavaThread "Unconstrained build operations Thread 4" [_thread_blocked, id=5644, stack(0x0000003b8df00000,0x0000003b8e000000)]
  0x0000020442748f60 JavaThread "Unconstrained build operations Thread 5" [_thread_blocked, id=10388, stack(0x0000003b8e000000,0x0000003b8e100000)]
  0x0000020442749980 JavaThread "Unconstrained build operations Thread 6" [_thread_blocked, id=6824, stack(0x0000003b8e100000,0x0000003b8e200000)]
  0x000002044274a8b0 JavaThread "Unconstrained build operations Thread 7" [_thread_blocked, id=11880, stack(0x0000003b8e200000,0x0000003b8e300000)]
  0x000002044274e570 JavaThread "Unconstrained build operations Thread 8" [_thread_blocked, id=17568, stack(0x0000003b8e300000,0x0000003b8e400000)]
  0x0000020442749470 JavaThread "Unconstrained build operations Thread 9" [_thread_blocked, id=2752, stack(0x0000003b8e400000,0x0000003b8e500000)]
  0x000002044274ef90 JavaThread "Unconstrained build operations Thread 10" [_thread_blocked, id=14224, stack(0x0000003b8e500000,0x0000003b8e600000)]
  0x0000020442747b20 JavaThread "Unconstrained build operations Thread 11" [_thread_blocked, id=9024, stack(0x0000003b8e600000,0x0000003b8e700000)]
  0x000002044274f4a0 JavaThread "Unconstrained build operations Thread 12" [_thread_blocked, id=11992, stack(0x0000003b8e700000,0x0000003b8e800000)]
  0x0000020442749e90 JavaThread "Unconstrained build operations Thread 13" [_thread_blocked, id=3328, stack(0x0000003b8e800000,0x0000003b8e900000)]
  0x0000020442748540 JavaThread "Unconstrained build operations Thread 14" [_thread_blocked, id=1332, stack(0x0000003b8e900000,0x0000003b8ea00000)]
  0x000002044274b2d0 JavaThread "Unconstrained build operations Thread 15" [_thread_blocked, id=9608, stack(0x0000003b8ea00000,0x0000003b8eb00000)]
  0x000002044274a3a0 JavaThread "Unconstrained build operations Thread 16" [_thread_blocked, id=6816, stack(0x0000003b8eb00000,0x0000003b8ec00000)]
  0x000002044274adc0 JavaThread "Unconstrained build operations Thread 17" [_thread_blocked, id=7348, stack(0x0000003b8ec00000,0x0000003b8ed00000)]
  0x00000204430dc450 JavaThread "Unconstrained build operations Thread 18" [_thread_blocked, id=2860, stack(0x0000003b8ed00000,0x0000003b8ee00000)]
  0x00000204430de2b0 JavaThread "Unconstrained build operations Thread 19" [_thread_blocked, id=4684, stack(0x0000003b8ee00000,0x0000003b8ef00000)]
  0x00000204430dbf40 JavaThread "Unconstrained build operations Thread 20" [_thread_blocked, id=1196, stack(0x0000003b8ef00000,0x0000003b8f000000)]
  0x00000204430dfc00 JavaThread "Unconstrained build operations Thread 21" [_thread_blocked, id=4664, stack(0x0000003b8f000000,0x0000003b8f100000)]
  0x00000204430db520 JavaThread "Unconstrained build operations Thread 22" [_thread_blocked, id=4940, stack(0x0000003b8f100000,0x0000003b8f200000)]
  0x00000204430df6f0 JavaThread "build event listener" [_thread_blocked, id=4760, stack(0x0000003b8f200000,0x0000003b8f300000)]

Other Threads:
  0x000002043b13ec10 VMThread "VM Thread" [stack: 0x0000003b8af00000,0x0000003b8b000000] [id=16392]
  0x000002042129b0d0 WatcherThread [stack: 0x0000003b8bb00000,0x0000003b8bc00000] [id=6396]
  0x00000204212f63c0 GCTaskThread "GC Thread#0" [stack: 0x0000003b8aa00000,0x0000003b8ab00000] [id=2260]
  0x0000020440f2f070 GCTaskThread "GC Thread#1" [stack: 0x0000003b8bc00000,0x0000003b8bd00000] [id=5708]
  0x00000204407daaf0 GCTaskThread "GC Thread#2" [stack: 0x0000003b8bd00000,0x0000003b8be00000] [id=16164]
  0x0000020440b5f0b0 GCTaskThread "GC Thread#3" [stack: 0x0000003b8be00000,0x0000003b8bf00000] [id=9792]
  0x0000020440fdc1f0 GCTaskThread "GC Thread#4" [stack: 0x0000003b8bf00000,0x0000003b8c000000] [id=17616]
  0x0000020442025180 GCTaskThread "GC Thread#5" [stack: 0x0000003b8ca00000,0x0000003b8cb00000] [id=4348]
  0x0000020441a92e10 GCTaskThread "GC Thread#6" [stack: 0x0000003b8cb00000,0x0000003b8cc00000] [id=5264]
  0x0000020441dc5a70 GCTaskThread "GC Thread#7" [stack: 0x0000003b8cc00000,0x0000003b8cd00000] [id=1504]
  0x0000020441dc5d30 GCTaskThread "GC Thread#8" [stack: 0x0000003b8cd00000,0x0000003b8ce00000] [id=15276]
  0x0000020441f1faf0 GCTaskThread "GC Thread#9" [stack: 0x0000003b8ce00000,0x0000003b8cf00000] [id=7104]
  0x0000020421307310 ConcurrentGCThread "G1 Main Marker" [stack: 0x0000003b8ab00000,0x0000003b8ac00000] [id=13368]
  0x0000020421307d30 ConcurrentGCThread "G1 Conc#0" [stack: 0x0000003b8ac00000,0x0000003b8ad00000] [id=4324]
  0x0000020441de5950 ConcurrentGCThread "G1 Conc#1" [stack: 0x0000003b8cf00000,0x0000003b8d000000] [id=18060]
  0x0000020441de5c10 ConcurrentGCThread "G1 Conc#2" [stack: 0x0000003b8d000000,0x0000003b8d100000] [id=2740]
  0x000002043afb5c80 ConcurrentGCThread "G1 Refine#0" [stack: 0x0000003b8ad00000,0x0000003b8ae00000] [id=10148]
  0x000002043afb66b0 ConcurrentGCThread "G1 Service" [stack: 0x0000003b8ae00000,0x0000003b8af00000] [id=3228]

Threads with active compile tasks:
C2 CompilerThread0     4644 6433       4       java.lang.invoke.MethodType::makeImpl (109 bytes)

VM state: not at safepoint (normal execution)

VM Mutex/Monitor currently owned by a thread: None

Heap address: 0x0000000080000000, size: 2048 MB, Compressed Oops mode: 32-bit

CDS archive(s) not mapped
Compressed class space mapped at: 0x0000000100000000-0x0000000140000000, reserved size: 1073741824
Narrow klass base: 0x0000000000000000, Narrow klass shift: 3, Narrow klass range: 0x140000000

GC Precious Log:
 CPUs: 12 total, 12 available
 Memory: 7860M
 Large Page Support: Disabled
 NUMA Support: Disabled
 Compressed Oops: Enabled (32-bit)
 Heap Region Size: 1M
 Heap Min Capacity: 8M
 Heap Initial Capacity: 124M
 Heap Max Capacity: 2G
 Pre-touch: Disabled
 Parallel Workers: 10
 Concurrent Workers: 3
 Concurrent Refinement Workers: 10
 Periodic GC: Disabled

Heap:
 garbage-first heap   total 147456K, used 59377K [0x0000000080000000, 0x0000000100000000)
  region size 1024K, 10 young (10240K), 1 survivors (1024K)
 Metaspace       used 63463K, committed 64000K, reserved 1114112K
  class space    used 8663K, committed 8896K, reserved 1048576K

Heap Regions: E=young(eden), S=young(survivor), O=old, HS=humongous(starts), HC=humongous(continues), CS=collection set, F=free, OA=open archive, CA=closed archive, TAMS=top-at-mark-start (previous, next)
|   0|0x0000000080000000, 0x0000000080100000, 0x0000000080100000|100%|HS|  |TAMS 0x0000000080100000, 0x0000000080000000| Complete 
|   1|0x0000000080100000, 0x0000000080200000, 0x0000000080200000|100%|HC|  |TAMS 0x0000000080200000, 0x0000000080100000| Complete 
|   2|0x0000000080200000, 0x0000000080300000, 0x0000000080300000|100%|HC|  |TAMS 0x0000000080300000, 0x0000000080200000| Complete 
|   3|0x0000000080300000, 0x0000000080400000, 0x0000000080400000|100%|HC|  |TAMS 0x0000000080400000, 0x0000000080300000| Complete 
|   4|0x0000000080400000, 0x0000000080500000, 0x0000000080500000|100%| O|  |TAMS 0x0000000080500000, 0x0000000080400000| Untracked 
|   5|0x0000000080500000, 0x0000000080600000, 0x0000000080600000|100%| O|  |TAMS 0x0000000080600000, 0x0000000080500000| Untracked 
|   6|0x0000000080600000, 0x0000000080700000, 0x0000000080700000|100%| O|  |TAMS 0x0000000080700000, 0x0000000080600000| Untracked 
|   7|0x0000000080700000, 0x0000000080800000, 0x0000000080800000|100%| O|  |TAMS 0x0000000080800000, 0x0000000080700000| Untracked 
|   8|0x0000000080800000, 0x0000000080900000, 0x0000000080900000|100%| O|  |TAMS 0x0000000080900000, 0x0000000080800000| Untracked 
|   9|0x0000000080900000, 0x0000000080a00000, 0x0000000080a00000|100%| O|  |TAMS 0x0000000080a00000, 0x0000000080900000| Untracked 
|  10|0x0000000080a00000, 0x0000000080a00000, 0x0000000080b00000|  0%| F|  |TAMS 0x0000000080a00000, 0x0000000080a00000| Untracked 
|  11|0x0000000080b00000, 0x0000000080c00000, 0x0000000080c00000|100%| O|  |TAMS 0x0000000080c00000, 0x0000000080b00000| Untracked 
|  12|0x0000000080c00000, 0x0000000080d00000, 0x0000000080d00000|100%| O|  |TAMS 0x0000000080d00000, 0x0000000080c00000| Untracked 
|  13|0x0000000080d00000, 0x0000000080e00000, 0x0000000080e00000|100%| O|  |TAMS 0x0000000080e00000, 0x0000000080d00000| Untracked 
|  14|0x0000000080e00000, 0x0000000080f00000, 0x0000000080f00000|100%| O|  |TAMS 0x0000000080f00000, 0x0000000080e00000| Untracked 
|  15|0x0000000080f00000, 0x0000000081000000, 0x0000000081000000|100%| O|  |TAMS 0x0000000081000000, 0x0000000080f00000| Untracked 
|  16|0x0000000081000000, 0x0000000081100000, 0x0000000081100000|100%| O|  |TAMS 0x0000000081100000, 0x0000000081000000| Untracked 
|  17|0x0000000081100000, 0x0000000081200000, 0x0000000081200000|100%| O|  |TAMS 0x0000000081200000, 0x0000000081100000| Untracked 
|  18|0x0000000081200000, 0x0000000081300000, 0x0000000081300000|100%| O|  |TAMS 0x0000000081300000, 0x0000000081200000| Untracked 
|  19|0x0000000081300000, 0x0000000081400000, 0x0000000081400000|100%| O|  |TAMS 0x0000000081400000, 0x0000000081300000| Untracked 
|  20|0x0000000081400000, 0x0000000081500000, 0x0000000081500000|100%| O|  |TAMS 0x0000000081500000, 0x0000000081400000| Untracked 
|  21|0x0000000081500000, 0x0000000081600000, 0x0000000081600000|100%| O|  |TAMS 0x0000000081600000, 0x0000000081500000| Untracked 
|  22|0x0000000081600000, 0x0000000081700000, 0x0000000081700000|100%| O|  |TAMS 0x0000000081700000, 0x0000000081600000| Untracked 
|  23|0x0000000081700000, 0x00000000817ce000, 0x0000000081800000| 80%| O|  |TAMS 0x0000000081700000, 0x0000000081700000| Untracked 
|  24|0x0000000081800000, 0x0000000081900000, 0x0000000081900000|100%| O|  |TAMS 0x0000000081900000, 0x0000000081800000| Untracked 
|  25|0x0000000081900000, 0x0000000081a00000, 0x0000000081a00000|100%| O|  |TAMS 0x0000000081a00000, 0x0000000081900000| Untracked 
|  26|0x0000000081a00000, 0x0000000081b00000, 0x0000000081b00000|100%| O|  |TAMS 0x0000000081b00000, 0x0000000081a00000| Untracked 
|  27|0x0000000081b00000, 0x0000000081c00000, 0x0000000081c00000|100%| O|  |TAMS 0x0000000081c00000, 0x0000000081b00000| Untracked 
|  28|0x0000000081c00000, 0x0000000081d00000, 0x0000000081d00000|100%| O|  |TAMS 0x0000000081d00000, 0x0000000081c00000| Untracked 
|  29|0x0000000081d00000, 0x0000000081e00000, 0x0000000081e00000|100%|HS|  |TAMS 0x0000000081e00000, 0x0000000081d00000| Complete 
|  30|0x0000000081e00000, 0x0000000081f00000, 0x0000000081f00000|100%| O|  |TAMS 0x0000000081f00000, 0x0000000081e00000| Untracked 
|  31|0x0000000081f00000, 0x0000000082000000, 0x0000000082000000|100%| O|  |TAMS 0x0000000082000000, 0x0000000081f00000| Untracked 
|  32|0x0000000082000000, 0x0000000082100000, 0x0000000082100000|100%| O|  |TAMS 0x0000000082100000, 0x0000000082000000| Untracked 
|  33|0x0000000082100000, 0x0000000082200000, 0x0000000082200000|100%| O|  |TAMS 0x0000000082200000, 0x0000000082100000| Untracked 
|  34|0x0000000082200000, 0x0000000082300000, 0x0000000082300000|100%|HS|  |TAMS 0x0000000082300000, 0x0000000082200000| Complete 
|  35|0x0000000082300000, 0x0000000082400000, 0x0000000082400000|100%| O|  |TAMS 0x0000000082400000, 0x0000000082300000| Untracked 
|  36|0x0000000082400000, 0x0000000082500000, 0x0000000082500000|100%| O|  |TAMS 0x0000000082500000, 0x0000000082400000| Untracked 
|  37|0x0000000082500000, 0x0000000082600000, 0x0000000082600000|100%| O|  |TAMS 0x0000000082600000, 0x0000000082500000| Untracked 
|  38|0x0000000082600000, 0x0000000082700000, 0x0000000082700000|100%| O|  |TAMS 0x0000000082700000, 0x0000000082600000| Untracked 
|  39|0x0000000082700000, 0x0000000082800000, 0x0000000082800000|100%| O|  |TAMS 0x0000000082800000, 0x0000000082700000| Untracked 
|  40|0x0000000082800000, 0x0000000082900000, 0x0000000082900000|100%| O|  |TAMS 0x0000000082900000, 0x0000000082800000| Untracked 
|  41|0x0000000082900000, 0x0000000082a00000, 0x0000000082a00000|100%|HS|  |TAMS 0x0000000082a00000, 0x0000000082900000| Complete 
|  42|0x0000000082a00000, 0x0000000082b00000, 0x0000000082b00000|100%|HS|  |TAMS 0x0000000082b00000, 0x0000000082a00000| Complete 
|  43|0x0000000082b00000, 0x0000000082c00000, 0x0000000082c00000|100%| O|  |TAMS 0x0000000082c00000, 0x0000000082b00000| Untracked 
|  44|0x0000000082c00000, 0x0000000082d00000, 0x0000000082d00000|100%|HS|  |TAMS 0x0000000082d00000, 0x0000000082c00000| Complete 
|  45|0x0000000082d00000, 0x0000000082e00000, 0x0000000082e00000|100%|HS|  |TAMS 0x0000000082e00000, 0x0000000082d00000| Complete 
|  46|0x0000000082e00000, 0x0000000082f00000, 0x0000000082f00000|100%| O|  |TAMS 0x0000000082f00000, 0x0000000082e00000| Untracked 
|  47|0x0000000082f00000, 0x0000000083000000, 0x0000000083000000|100%| O|  |TAMS 0x0000000083000000, 0x0000000082f00000| Untracked 
|  48|0x0000000083000000, 0x0000000083100000, 0x0000000083100000|100%| O|  |TAMS 0x0000000083100000, 0x0000000083000000| Untracked 
|  49|0x0000000083100000, 0x0000000083200000, 0x0000000083200000|100%| O|  |TAMS 0x0000000083200000, 0x0000000083100000| Untracked 
|  50|0x0000000083200000, 0x0000000083300000, 0x0000000083300000|100%| O|  |TAMS 0x0000000083284a00, 0x0000000083200000| Untracked 
|  51|0x0000000083300000, 0x0000000083300000, 0x0000000083400000|  0%| F|  |TAMS 0x0000000083300000, 0x0000000083300000| Untracked 
|  52|0x0000000083400000, 0x0000000083400000, 0x0000000083500000|  0%| F|  |TAMS 0x0000000083400000, 0x0000000083400000| Untracked 
|  53|0x0000000083500000, 0x0000000083500000, 0x0000000083600000|  0%| F|  |TAMS 0x0000000083500000, 0x0000000083500000| Untracked 
|  54|0x0000000083600000, 0x0000000083600000, 0x0000000083700000|  0%| F|  |TAMS 0x0000000083600000, 0x0000000083600000| Untracked 
|  55|0x0000000083700000, 0x0000000083700000, 0x0000000083800000|  0%| F|  |TAMS 0x0000000083700000, 0x0000000083700000| Untracked 
|  56|0x0000000083800000, 0x0000000083800000, 0x0000000083900000|  0%| F|  |TAMS 0x0000000083800000, 0x0000000083800000| Untracked 
|  57|0x0000000083900000, 0x0000000083900000, 0x0000000083a00000|  0%| F|  |TAMS 0x0000000083900000, 0x0000000083900000| Untracked 
|  58|0x0000000083a00000, 0x0000000083a00000, 0x0000000083b00000|  0%| F|  |TAMS 0x0000000083a00000, 0x0000000083a00000| Untracked 
|  59|0x0000000083b00000, 0x0000000083b00000, 0x0000000083c00000|  0%| F|  |TAMS 0x0000000083b00000, 0x0000000083b00000| Untracked 
|  60|0x0000000083c00000, 0x0000000083c00000, 0x0000000083d00000|  0%| F|  |TAMS 0x0000000083c00000, 0x0000000083c00000| Untracked 
|  61|0x0000000083d00000, 0x0000000083d00000, 0x0000000083e00000|  0%| F|  |TAMS 0x0000000083d00000, 0x0000000083d00000| Untracked 
|  62|0x0000000083e00000, 0x0000000083e00000, 0x0000000083f00000|  0%| F|  |TAMS 0x0000000083e00000, 0x0000000083e00000| Untracked 
|  63|0x0000000083f00000, 0x0000000083f00000, 0x0000000084000000|  0%| F|  |TAMS 0x0000000083f00000, 0x0000000083f00000| Untracked 
|  64|0x0000000084000000, 0x0000000084000000, 0x0000000084100000|  0%| F|  |TAMS 0x0000000084000000, 0x0000000084000000| Untracked 
|  65|0x0000000084100000, 0x0000000084100000, 0x0000000084200000|  0%| F|  |TAMS 0x0000000084100000, 0x0000000084100000| Untracked 
|  66|0x0000000084200000, 0x0000000084200000, 0x0000000084300000|  0%| F|  |TAMS 0x0000000084200000, 0x0000000084200000| Untracked 
|  67|0x0000000084300000, 0x0000000084300000, 0x0000000084400000|  0%| F|  |TAMS 0x0000000084300000, 0x0000000084300000| Untracked 
|  68|0x0000000084400000, 0x0000000084400000, 0x0000000084500000|  0%| F|  |TAMS 0x0000000084400000, 0x0000000084400000| Untracked 
|  69|0x0000000084500000, 0x0000000084500000, 0x0000000084600000|  0%| F|  |TAMS 0x0000000084500000, 0x0000000084500000| Untracked 
|  70|0x0000000084600000, 0x0000000084600000, 0x0000000084700000|  0%| F|  |TAMS 0x0000000084600000, 0x0000000084600000| Untracked 
|  71|0x0000000084700000, 0x0000000084700000, 0x0000000084800000|  0%| F|  |TAMS 0x0000000084700000, 0x0000000084700000| Untracked 
|  72|0x0000000084800000, 0x0000000084800000, 0x0000000084900000|  0%| F|  |TAMS 0x0000000084800000, 0x0000000084800000| Untracked 
|  73|0x0000000084900000, 0x0000000084900000, 0x0000000084a00000|  0%| F|  |TAMS 0x0000000084900000, 0x0000000084900000| Untracked 
|  74|0x0000000084a00000, 0x0000000084a00000, 0x0000000084b00000|  0%| F|  |TAMS 0x0000000084a00000, 0x0000000084a00000| Untracked 
|  75|0x0000000084b00000, 0x0000000084b00000, 0x0000000084c00000|  0%| F|  |TAMS 0x0000000084b00000, 0x0000000084b00000| Untracked 
|  76|0x0000000084c00000, 0x0000000084c00000, 0x0000000084d00000|  0%| F|  |TAMS 0x0000000084c00000, 0x0000000084c00000| Untracked 
|  77|0x0000000084d00000, 0x0000000084d00000, 0x0000000084e00000|  0%| F|  |TAMS 0x0000000084d00000, 0x0000000084d00000| Untracked 
|  78|0x0000000084e00000, 0x0000000084e00000, 0x0000000084f00000|  0%| F|  |TAMS 0x0000000084e00000, 0x0000000084e00000| Untracked 
|  79|0x0000000084f00000, 0x0000000084f00000, 0x0000000085000000|  0%| F|  |TAMS 0x0000000084f00000, 0x0000000084f00000| Untracked 
|  80|0x0000000085000000, 0x0000000085000000, 0x0000000085100000|  0%| F|  |TAMS 0x0000000085000000, 0x0000000085000000| Untracked 
|  81|0x0000000085100000, 0x0000000085100000, 0x0000000085200000|  0%| F|  |TAMS 0x0000000085100000, 0x0000000085100000| Untracked 
|  82|0x0000000085200000, 0x0000000085200000, 0x0000000085300000|  0%| F|  |TAMS 0x0000000085200000, 0x0000000085200000| Untracked 
|  83|0x0000000085300000, 0x0000000085300000, 0x0000000085400000|  0%| F|  |TAMS 0x0000000085300000, 0x0000000085300000| Untracked 
|  84|0x0000000085400000, 0x0000000085400000, 0x0000000085500000|  0%| F|  |TAMS 0x0000000085400000, 0x0000000085400000| Untracked 
|  85|0x0000000085500000, 0x0000000085500000, 0x0000000085600000|  0%| F|  |TAMS 0x0000000085500000, 0x0000000085500000| Untracked 
|  86|0x0000000085600000, 0x0000000085600000, 0x0000000085700000|  0%| F|  |TAMS 0x0000000085600000, 0x0000000085600000| Untracked 
|  87|0x0000000085700000, 0x0000000085700000, 0x0000000085800000|  0%| F|  |TAMS 0x0000000085700000, 0x0000000085700000| Untracked 
|  88|0x0000000085800000, 0x0000000085800000, 0x0000000085900000|  0%| F|  |TAMS 0x0000000085800000, 0x0000000085800000| Untracked 
|  89|0x0000000085900000, 0x0000000085900000, 0x0000000085a00000|  0%| F|  |TAMS 0x0000000085900000, 0x0000000085900000| Untracked 
|  90|0x0000000085a00000, 0x0000000085a00000, 0x0000000085b00000|  0%| F|  |TAMS 0x0000000085a00000, 0x0000000085a00000| Untracked 
|  91|0x0000000085b00000, 0x0000000085b00000, 0x0000000085c00000|  0%| F|  |TAMS 0x0000000085b00000, 0x0000000085b00000| Untracked 
|  92|0x0000000085c00000, 0x0000000085c00000, 0x0000000085d00000|  0%| F|  |TAMS 0x0000000085c00000, 0x0000000085c00000| Untracked 
|  93|0x0000000085d00000, 0x0000000085d00000, 0x0000000085e00000|  0%| F|  |TAMS 0x0000000085d00000, 0x0000000085d00000| Untracked 
|  94|0x0000000085e00000, 0x0000000085e00000, 0x0000000085f00000|  0%| F|  |TAMS 0x0000000085e00000, 0x0000000085e00000| Untracked 
|  95|0x0000000085f00000, 0x0000000085f00000, 0x0000000086000000|  0%| F|  |TAMS 0x0000000085f00000, 0x0000000085f00000| Untracked 
|  96|0x0000000086000000, 0x0000000086000000, 0x0000000086100000|  0%| F|  |TAMS 0x0000000086000000, 0x0000000086000000| Untracked 
|  97|0x0000000086100000, 0x0000000086100000, 0x0000000086200000|  0%| F|  |TAMS 0x0000000086100000, 0x0000000086100000| Untracked 
|  98|0x0000000086200000, 0x0000000086200000, 0x0000000086300000|  0%| F|  |TAMS 0x0000000086200000, 0x0000000086200000| Untracked 
|  99|0x0000000086300000, 0x0000000086300000, 0x0000000086400000|  0%| F|  |TAMS 0x0000000086300000, 0x0000000086300000| Untracked 
| 100|0x0000000086400000, 0x0000000086400000, 0x0000000086500000|  0%| F|  |TAMS 0x0000000086400000, 0x0000000086400000| Untracked 
| 101|0x0000000086500000, 0x0000000086500000, 0x0000000086600000|  0%| F|  |TAMS 0x0000000086500000, 0x0000000086500000| Untracked 
| 102|0x0000000086600000, 0x0000000086600000, 0x0000000086700000|  0%| F|  |TAMS 0x0000000086600000, 0x0000000086600000| Untracked 
| 103|0x0000000086700000, 0x0000000086700000, 0x0000000086800000|  0%| F|  |TAMS 0x0000000086700000, 0x0000000086700000| Untracked 
| 104|0x0000000086800000, 0x0000000086800000, 0x0000000086900000|  0%| F|  |TAMS 0x0000000086800000, 0x0000000086800000| Untracked 
| 105|0x0000000086900000, 0x0000000086900000, 0x0000000086a00000|  0%| F|  |TAMS 0x0000000086900000, 0x0000000086900000| Untracked 
| 106|0x0000000086a00000, 0x0000000086a00000, 0x0000000086b00000|  0%| F|  |TAMS 0x0000000086a00000, 0x0000000086a00000| Untracked 
| 107|0x0000000086b00000, 0x0000000086b00000, 0x0000000086c00000|  0%| F|  |TAMS 0x0000000086b00000, 0x0000000086b00000| Untracked 
| 108|0x0000000086c00000, 0x0000000086c00000, 0x0000000086d00000|  0%| F|  |TAMS 0x0000000086c00000, 0x0000000086c00000| Untracked 
| 109|0x0000000086d00000, 0x0000000086d00000, 0x0000000086e00000|  0%| F|  |TAMS 0x0000000086d00000, 0x0000000086d00000| Untracked 
| 110|0x0000000086e00000, 0x0000000086e00000, 0x0000000086f00000|  0%| F|  |TAMS 0x0000000086e00000, 0x0000000086e00000| Untracked 
| 111|0x0000000086f00000, 0x0000000086f00000, 0x0000000087000000|  0%| F|  |TAMS 0x0000000086f00000, 0x0000000086f00000| Untracked 
| 112|0x0000000087000000, 0x0000000087000000, 0x0000000087100000|  0%| F|  |TAMS 0x0000000087000000, 0x0000000087000000| Untracked 
| 113|0x0000000087100000, 0x0000000087100000, 0x0000000087200000|  0%| F|  |TAMS 0x0000000087100000, 0x0000000087100000| Untracked 
| 114|0x0000000087200000, 0x0000000087200000, 0x0000000087300000|  0%| F|  |TAMS 0x0000000087200000, 0x0000000087200000| Untracked 
| 115|0x0000000087300000, 0x0000000087300000, 0x0000000087400000|  0%| F|  |TAMS 0x0000000087300000, 0x0000000087300000| Untracked 
| 116|0x0000000087400000, 0x0000000087400000, 0x0000000087500000|  0%| F|  |TAMS 0x0000000087400000, 0x0000000087400000| Untracked 
| 117|0x0000000087500000, 0x0000000087500000, 0x0000000087600000|  0%| F|  |TAMS 0x0000000087500000, 0x0000000087500000| Untracked 
| 118|0x0000000087600000, 0x0000000087600000, 0x0000000087700000|  0%| F|  |TAMS 0x0000000087600000, 0x0000000087600000| Untracked 
| 119|0x0000000087700000, 0x0000000087700000, 0x0000000087800000|  0%| F|  |TAMS 0x0000000087700000, 0x0000000087700000| Untracked 
| 120|0x0000000087800000, 0x0000000087800000, 0x0000000087900000|  0%| F|  |TAMS 0x0000000087800000, 0x0000000087800000| Untracked 
| 121|0x0000000087900000, 0x0000000087900000, 0x0000000087a00000|  0%| F|  |TAMS 0x0000000087900000, 0x0000000087900000| Untracked 
| 122|0x0000000087a00000, 0x0000000087a00000, 0x0000000087b00000|  0%| F|  |TAMS 0x0000000087a00000, 0x0000000087a00000| Untracked 
| 123|0x0000000087b00000, 0x0000000087b00000, 0x0000000087c00000|  0%| F|  |TAMS 0x0000000087b00000, 0x0000000087b00000| Untracked 
| 124|0x0000000087c00000, 0x0000000087c00000, 0x0000000087d00000|  0%| F|  |TAMS 0x0000000087c00000, 0x0000000087c00000| Untracked 
| 125|0x0000000087d00000, 0x0000000087d00000, 0x0000000087e00000|  0%| F|  |TAMS 0x0000000087d00000, 0x0000000087d00000| Untracked 
| 126|0x0000000087e00000, 0x0000000087e00000, 0x0000000087f00000|  0%| F|  |TAMS 0x0000000087e00000, 0x0000000087e00000| Untracked 
| 127|0x0000000087f00000, 0x0000000087f00000, 0x0000000088000000|  0%| F|  |TAMS 0x0000000087f00000, 0x0000000087f00000| Untracked 
| 128|0x0000000088000000, 0x0000000088000000, 0x0000000088100000|  0%| F|  |TAMS 0x0000000088000000, 0x0000000088000000| Untracked 
| 129|0x0000000088100000, 0x0000000088100000, 0x0000000088200000|  0%| F|  |TAMS 0x0000000088100000, 0x0000000088100000| Untracked 
| 130|0x0000000088200000, 0x0000000088200000, 0x0000000088300000|  0%| F|  |TAMS 0x0000000088200000, 0x0000000088200000| Untracked 
| 131|0x0000000088300000, 0x0000000088300000, 0x0000000088400000|  0%| F|  |TAMS 0x0000000088300000, 0x0000000088300000| Untracked 
| 132|0x0000000088400000, 0x0000000088400000, 0x0000000088500000|  0%| F|  |TAMS 0x0000000088400000, 0x0000000088400000| Untracked 
| 133|0x0000000088500000, 0x0000000088580800, 0x0000000088600000| 50%| E|  |TAMS 0x0000000088500000, 0x0000000088500000| Complete 
| 134|0x0000000088600000, 0x0000000088700000, 0x0000000088700000|100%| E|CS|TAMS 0x0000000088600000, 0x0000000088600000| Complete 
| 135|0x0000000088700000, 0x0000000088800000, 0x0000000088800000|100%| E|CS|TAMS 0x0000000088700000, 0x0000000088700000| Complete 
| 136|0x0000000088800000, 0x0000000088900000, 0x0000000088900000|100%| E|CS|TAMS 0x0000000088800000, 0x0000000088800000| Complete 
| 137|0x0000000088900000, 0x0000000088a00000, 0x0000000088a00000|100%| E|CS|TAMS 0x0000000088900000, 0x0000000088900000| Complete 
| 138|0x0000000088a00000, 0x0000000088a2e418, 0x0000000088b00000| 18%| S|CS|TAMS 0x0000000088a00000, 0x0000000088a00000| Complete 
| 139|0x0000000088b00000, 0x0000000088c00000, 0x0000000088c00000|100%| E|CS|TAMS 0x0000000088b00000, 0x0000000088b00000| Complete 
| 140|0x0000000088c00000, 0x0000000088d00000, 0x0000000088d00000|100%| E|CS|TAMS 0x0000000088c00000, 0x0000000088c00000| Complete 
| 141|0x0000000088d00000, 0x0000000088e00000, 0x0000000088e00000|100%| E|CS|TAMS 0x0000000088d00000, 0x0000000088d00000| Complete 
| 142|0x0000000088e00000, 0x0000000088f00000, 0x0000000088f00000|100%| E|CS|TAMS 0x0000000088e00000, 0x0000000088e00000| Complete 
| 143|0x0000000088f00000, 0x0000000089000000, 0x0000000089000000|100%| E|CS|TAMS 0x0000000088f00000, 0x0000000088f00000| Complete 

Card table byte_map: [0x00000204340d0000,0x00000204344d0000] _byte_map_base: 0x0000020433cd0000

Marking Bits (Prev, Next): (CMBitMap*) 0x00000204212f69e0, (CMBitMap*) 0x00000204212f6a20
 Prev Bits: [0x00000204348d0000, 0x00000204368d0000)
 Next Bits: [0x00000204368d0000, 0x00000204388d0000)

Polling page: 0x000002041f210000

Metaspace:

Usage:
  Non-class:     53.54 MB used.
      Class:      8.46 MB used.
       Both:     62.00 MB used.

Virtual space:
  Non-class space:       64.00 MB reserved,      53.88 MB ( 84%) committed,  1 nodes.
      Class space:        1.00 GB reserved,       8.69 MB ( <1%) committed,  1 nodes.
             Both:        1.06 GB reserved,      62.56 MB (  6%) committed. 

Chunk freelists:
   Non-Class:  9.41 MB
       Class:  7.19 MB
        Both:  16.60 MB

MaxMetaspaceSize: unlimited
CompressedClassSpaceSize: 1.00 GB
Initial GC threshold: 21.00 MB
Current GC threshold: 98.88 MB
CDS: off
MetaspaceReclaimPolicy: balanced
 - commit_granule_bytes: 65536.
 - commit_granule_words: 8192.
 - virtual_space_node_default_size: 8388608.
 - enlarge_chunks_in_place: 1.
 - new_chunks_are_fully_committed: 0.
 - uncommit_free_chunks: 1.
 - use_allocation_guard: 0.
 - handle_deallocations: 1.


Internal statistics:

num_allocs_failed_limit: 6.
num_arena_births: 748.
num_arena_deaths: 0.
num_vsnodes_births: 2.
num_vsnodes_deaths: 0.
num_space_committed: 1001.
num_space_uncommitted: 0.
num_chunks_returned_to_freelist: 6.
num_chunks_taken_from_freelist: 2987.
num_chunk_merges: 6.
num_chunk_splits: 1949.
num_chunks_enlarged: 1299.
num_inconsistent_stats: 0.

CodeHeap 'non-profiled nmethods': size=120000Kb used=2448Kb max_used=3286Kb free=117552Kb
 bounds [0x000002042c250000, 0x000002042c590000, 0x0000020433780000]
CodeHeap 'profiled nmethods': size=120000Kb used=10223Kb max_used=12211Kb free=109776Kb
 bounds [0x0000020424780000, 0x0000020425370000, 0x000002042bcb0000]
CodeHeap 'non-nmethods': size=5760Kb used=1643Kb max_used=1684Kb free=4116Kb
 bounds [0x000002042bcb0000, 0x000002042bf20000, 0x000002042c250000]
 total_blobs=6297 nmethods=5579 adapters=629
 compilation: enabled
              stopped_count=0, restarted_count=0
 full_count=0

Compilation events (20 events):
Event: 4.625 Thread 0x000002043b71e9a0 6463       3       java.lang.Class::arrayContentsEq (70 bytes)
Event: 4.625 Thread 0x000002043b71e9a0 nmethod 6463 0x00000204247e1910 code [0x00000204247e1ae0, 0x00000204247e1f58]
Event: 4.625 Thread 0x000002043b71e9a0 6465       3       org.objectweb.asm.ByteVector::put112 (80 bytes)
Event: 4.625 Thread 0x000002043b71e9a0 nmethod 6465 0x000002042481b290 code [0x000002042481b440, 0x000002042481b6a8]
Event: 4.625 Thread 0x000002043b71e9a0 6466       1       org.gradle.model.internal.asm.AsmClassGenerator::getVisitor (5 bytes)
Event: 4.625 Thread 0x000002043b71e9a0 nmethod 6466 0x000002042c3ac910 code [0x000002042c3acaa0, 0x000002042c3acb78]
Event: 4.625 Thread 0x000002043b71e9a0 6467       3       sun.reflect.generics.parser.SignatureParser::parseZeroOrMoreThrowsSignatures (51 bytes)
Event: 4.626 Thread 0x000002043b71e9a0 nmethod 6467 0x00000204249ba490 code [0x00000204249ba6c0, 0x00000204249baf08]
Event: 4.626 Thread 0x000002043b71e9a0 6468       3       sun.reflect.generics.tree.MethodTypeSignature::make (12 bytes)
Event: 4.626 Thread 0x000002043b71e9a0 nmethod 6468 0x0000020424934910 code [0x0000020424934ac0, 0x0000020424934e38]
Event: 4.629 Thread 0x000002043b71e9a0 6470       3       com.google.common.collect.ImmutableList::contains (14 bytes)
Event: 4.629 Thread 0x000002043b71e9a0 nmethod 6470 0x0000020424842f10 code [0x00000204248430c0, 0x00000204248432e8]
Event: 4.629 Thread 0x000002043b71e9a0 6471       3       com.google.common.collect.ImmutableList::indexOf (14 bytes)
Event: 4.629 Thread 0x000002043b71e9a0 nmethod 6471 0x00000204247a5810 code [0x00000204247a59c0, 0x00000204247a5b48]
Event: 4.630 Thread 0x000002043b71e9a0 6472       3       org.gradle.internal.instantiation.generator.Jsr330ConstructorSelector::forType (32 bytes)
Event: 4.630 Thread 0x000002043b71e9a0 nmethod 6472 0x00000204247edd90 code [0x00000204247edfc0, 0x00000204247ee9b8]
Event: 4.630 Thread 0x000002043b71e9a0 6473       3       org.gradle.internal.instantiation.generator.Jsr330ConstructorSelector$$Lambda$118/0x000000010028afd8::<init> (15 bytes)
Event: 4.630 Thread 0x000002043b71e9a0 nmethod 6473 0x000002042485ea90 code [0x000002042485ec40, 0x000002042485ee58]
Event: 4.630 Thread 0x000002043b71e9a0 6474       3       org.gradle.internal.instantiation.generator.Jsr330ConstructorSelector::forParams (6 bytes)
Event: 4.630 Thread 0x000002043b71e9a0 nmethod 6474 0x0000020424801a90 code [0x0000020424801c40, 0x0000020424801d88]

GC Heap History (20 events):
Event: 3.165 GC heap before
{Heap before GC invocations=11 (full 0):
 garbage-first heap   total 86016K, used 65800K [0x0000000080000000, 0x0000000100000000)
  region size 1024K, 40 young (40960K), 6 survivors (6144K)
 Metaspace       used 47953K, committed 48384K, reserved 1114112K
  class space    used 6566K, committed 6784K, reserved 1048576K
}
Event: 3.168 GC heap after
{Heap after GC invocations=12 (full 0):
 garbage-first heap   total 86016K, used 32768K [0x0000000080000000, 0x0000000100000000)
  region size 1024K, 5 young (5120K), 5 survivors (5120K)
 Metaspace       used 47953K, committed 48384K, reserved 1114112K
  class space    used 6566K, committed 6784K, reserved 1048576K
}
Event: 3.477 GC heap before
{Heap before GC invocations=12 (full 0):
 garbage-first heap   total 86016K, used 68608K [0x0000000080000000, 0x0000000100000000)
  region size 1024K, 38 young (38912K), 5 survivors (5120K)
 Metaspace       used 52950K, committed 53440K, reserved 1114112K
  class space    used 7266K, committed 7488K, reserved 1048576K
}
Event: 3.480 GC heap after
{Heap after GC invocations=13 (full 0):
 garbage-first heap   total 86016K, used 35630K [0x0000000080000000, 0x0000000100000000)
  region size 1024K, 4 young (4096K), 4 survivors (4096K)
 Metaspace       used 52950K, committed 53440K, reserved 1114112K
  class space    used 7266K, committed 7488K, reserved 1048576K
}
Event: 3.852 GC heap before
{Heap before GC invocations=13 (full 0):
 garbage-first heap   total 86016K, used 67374K [0x0000000080000000, 0x0000000100000000)
  region size 1024K, 36 young (36864K), 4 survivors (4096K)
 Metaspace       used 55835K, committed 56384K, reserved 1114112K
  class space    used 7667K, committed 7936K, reserved 1048576K
}
Event: 3.855 GC heap after
{Heap after GC invocations=14 (full 0):
 garbage-first heap   total 86016K, used 37444K [0x0000000080000000, 0x0000000100000000)
  region size 1024K, 5 young (5120K), 5 survivors (5120K)
 Metaspace       used 55835K, committed 56384K, reserved 1114112K
  class space    used 7667K, committed 7936K, reserved 1048576K
}
Event: 4.031 GC heap before
{Heap before GC invocations=14 (full 0):
 garbage-first heap   total 86016K, used 69188K [0x0000000080000000, 0x0000000100000000)
  region size 1024K, 35 young (35840K), 5 survivors (5120K)
 Metaspace       used 56895K, committed 57472K, reserved 1114112K
  class space    used 7849K, committed 8128K, reserved 1048576K
}
Event: 4.034 GC heap after
{Heap after GC invocations=15 (full 0):
 garbage-first heap   total 86016K, used 41605K [0x0000000080000000, 0x0000000100000000)
  region size 1024K, 3 young (3072K), 3 survivors (3072K)
 Metaspace       used 56895K, committed 57472K, reserved 1114112K
  class space    used 7849K, committed 8128K, reserved 1048576K
}
Event: 4.046 GC heap before
{Heap before GC invocations=15 (full 0):
 garbage-first heap   total 86016K, used 42629K [0x0000000080000000, 0x0000000100000000)
  region size 1024K, 5 young (5120K), 3 survivors (3072K)
 Metaspace       used 57000K, committed 57536K, reserved 1114112K
  class space    used 7867K, committed 8128K, reserved 1048576K
}
Event: 4.048 GC heap after
{Heap after GC invocations=16 (full 0):
 garbage-first heap   total 86016K, used 42399K [0x0000000080000000, 0x0000000100000000)
  region size 1024K, 1 young (1024K), 1 survivors (1024K)
 Metaspace       used 57000K, committed 57536K, reserved 1114112K
  class space    used 7867K, committed 8128K, reserved 1048576K
}
Event: 4.258 GC heap before
{Heap before GC invocations=17 (full 0):
 garbage-first heap   total 86016K, used 73119K [0x0000000080000000, 0x0000000100000000)
  region size 1024K, 27 young (27648K), 1 survivors (1024K)
 Metaspace       used 58437K, committed 59008K, reserved 1114112K
  class space    used 8067K, committed 8320K, reserved 1048576K
}
Event: 4.259 GC heap after
{Heap after GC invocations=18 (full 0):
 garbage-first heap   total 86016K, used 50928K [0x0000000080000000, 0x0000000100000000)
  region size 1024K, 4 young (4096K), 4 survivors (4096K)
 Metaspace       used 58437K, committed 59008K, reserved 1114112K
  class space    used 8067K, committed 8320K, reserved 1048576K
}
Event: 4.266 GC heap before
{Heap before GC invocations=18 (full 0):
 garbage-first heap   total 86016K, used 51952K [0x0000000080000000, 0x0000000100000000)
  region size 1024K, 5 young (5120K), 4 survivors (4096K)
 Metaspace       used 58484K, committed 59072K, reserved 1114112K
  class space    used 8077K, committed 8384K, reserved 1048576K
}
Event: 4.268 GC heap after
{Heap after GC invocations=19 (full 0):
 garbage-first heap   total 86016K, used 50333K [0x0000000080000000, 0x0000000100000000)
  region size 1024K, 1 young (1024K), 1 survivors (1024K)
 Metaspace       used 58484K, committed 59072K, reserved 1114112K
  class space    used 8077K, committed 8384K, reserved 1048576K
}
Event: 4.384 GC heap before
{Heap before GC invocations=19 (full 0):
 garbage-first heap   total 86016K, used 67741K [0x0000000080000000, 0x0000000100000000)
  region size 1024K, 19 young (19456K), 1 survivors (1024K)
 Metaspace       used 60029K, committed 60672K, reserved 1114112K
  class space    used 8285K, committed 8576K, reserved 1048576K
}
Event: 4.385 GC heap after
{Heap after GC invocations=20 (full 0):
 garbage-first heap   total 86016K, used 50709K [0x0000000080000000, 0x0000000100000000)
  region size 1024K, 1 young (1024K), 1 survivors (1024K)
 Metaspace       used 60029K, committed 60672K, reserved 1114112K
  class space    used 8285K, committed 8576K, reserved 1048576K
}
Event: 4.532 GC heap before
{Heap before GC invocations=21 (full 0):
 garbage-first heap   total 91136K, used 70165K [0x0000000080000000, 0x0000000100000000)
  region size 1024K, 20 young (20480K), 1 survivors (1024K)
 Metaspace       used 61924K, committed 62528K, reserved 1114112K
  class space    used 8473K, committed 8768K, reserved 1048576K
}
Event: 4.533 GC heap after
{Heap after GC invocations=22 (full 0):
 garbage-first heap   total 147456K, used 51293K [0x0000000080000000, 0x0000000100000000)
  region size 1024K, 2 young (2048K), 2 survivors (2048K)
 Metaspace       used 61924K, committed 62528K, reserved 1114112K
  class space    used 8473K, committed 8768K, reserved 1048576K
}
Event: 4.562 GC heap before
{Heap before GC invocations=22 (full 0):
 garbage-first heap   total 147456K, used 55389K [0x0000000080000000, 0x0000000100000000)
  region size 1024K, 7 young (7168K), 2 survivors (2048K)
 Metaspace       used 62366K, committed 62976K, reserved 1114112K
  class space    used 8537K, committed 8832K, reserved 1048576K
}
Event: 4.565 GC heap after
{Heap after GC invocations=23 (full 0):
 garbage-first heap   total 147456K, used 51185K [0x0000000080000000, 0x0000000100000000)
  region size 1024K, 1 young (1024K), 1 survivors (1024K)
 Metaspace       used 62366K, committed 62976K, reserved 1114112K
  class space    used 8537K, committed 8832K, reserved 1048576K
}

Dll operation events (3 events):
Event: 0.004 Loaded shared library D:\Android\Android_Studio\jbr\bin\java.dll
Event: 0.093 Loaded shared library D:\Android\Android_Studio\jbr\bin\zip.dll
Event: 0.235 Loaded shared library D:\Android\Android_Studio\jbr\bin\verify.dll

Deoptimization events (20 events):
Event: 4.422 Thread 0x000002044201ef90 Uncommon trap: trap_request=0xffffffde fr.pc=0x000002042c421590 relative=0x0000000000000910
Event: 4.422 Thread 0x000002044201ef90 Uncommon trap: reason=class_check action=maybe_recompile pc=0x000002042c421590 method=java.io.BufferedInputStream.read1([BII)I @ 39 c2
Event: 4.422 Thread 0x000002044201ef90 DEOPT PACKING pc=0x000002042c421590 sp=0x0000003b8c6f7280
Event: 4.422 Thread 0x000002044201ef90 DEOPT UNPACKING pc=0x000002042bd069a3 sp=0x0000003b8c6f71b8 mode 2
Event: 4.422 Thread 0x000002044201ef90 Uncommon trap: trap_request=0xffffffde fr.pc=0x000002042c4227e8 relative=0x00000000000001a8
Event: 4.422 Thread 0x000002044201ef90 Uncommon trap: reason=class_check action=maybe_recompile pc=0x000002042c4227e8 method=java.io.BufferedInputStream.read1([BII)I @ 39 c2
Event: 4.422 Thread 0x000002044201ef90 DEOPT PACKING pc=0x000002042c4227e8 sp=0x0000003b8c6f7210
Event: 4.422 Thread 0x000002044201ef90 DEOPT UNPACKING pc=0x000002042bd069a3 sp=0x0000003b8c6f71b8 mode 2
Event: 4.439 Thread 0x000002044201ef90 DEOPT PACKING pc=0x00000204252a6971 sp=0x0000003b8c6f6b80
Event: 4.439 Thread 0x000002044201ef90 DEOPT UNPACKING pc=0x000002042bd07143 sp=0x0000003b8c6f6090 mode 0
Event: 4.448 Thread 0x000002044201ef90 Uncommon trap: trap_request=0xffffffde fr.pc=0x000002042c4a00a4 relative=0x0000000000005d64
Event: 4.448 Thread 0x000002044201ef90 Uncommon trap: reason=class_check action=maybe_recompile pc=0x000002042c4a00a4 method=java.util.jar.JarFile.getManifestFromReference()Ljava/util/jar/Manifest; @ 152 c2
Event: 4.448 Thread 0x000002044201ef90 DEOPT PACKING pc=0x000002042c4a00a4 sp=0x0000003b8c6f68d0
Event: 4.448 Thread 0x000002044201ef90 DEOPT UNPACKING pc=0x000002042bd069a3 sp=0x0000003b8c6f66c8 mode 2
Event: 4.534 Thread 0x000002043b8836a0 Uncommon trap: trap_request=0xffffffde fr.pc=0x000002042c45ee28 relative=0x0000000000000488
Event: 4.534 Thread 0x000002043b8836a0 Uncommon trap: reason=class_check action=maybe_recompile pc=0x000002042c45ee28 method=jdk.internal.ref.PhantomCleanable.clean()V @ 12 c2
Event: 4.534 Thread 0x000002043b8836a0 DEOPT PACKING pc=0x000002042c45ee28 sp=0x0000003b8b9ff1a0
Event: 4.534 Thread 0x000002043b8836a0 DEOPT UNPACKING pc=0x000002042bd069a3 sp=0x0000003b8b9ff180 mode 2
Event: 4.535 Thread 0x000002044201ef90 DEOPT PACKING pc=0x000002042502a1f5 sp=0x0000003b8c6f2320
Event: 4.535 Thread 0x000002044201ef90 DEOPT UNPACKING pc=0x000002042bd07143 sp=0x0000003b8c6f17a8 mode 0

Classes unloaded (0 events):
No events

Classes redefined (0 events):
No events

Internal exceptions (20 events):
Event: 3.682 Thread 0x000002044201ef90 Exception <a 'java/lang/NoSuchMethodError'{0x00000000843cf440}: 'java.lang.Object java.lang.invoke.DirectMethodHandle$Holder.invokeSpecial(java.lang.Object, java.lang.Object, java.lang.Object, java.lang.Object, java.lang.Object, java.lang.Object, int)'> (0x00000000843cf440) 
thrown [s\src\hotspot\share\interpreter\linkResolver.cpp, line 771]
Event: 3.682 Thread 0x000002044201ef90 Exception <a 'java/lang/NoSuchMethodError'{0x00000000843d4220}: 'java.lang.Object java.lang.invoke.Invokers$Holder.linkToTargetMethod(java.lang.Object, java.lang.Object, java.lang.Object, java.lang.Object, int, java.lang.Object)'> (0x00000000843d4220) 
thrown [s\src\hotspot\share\interpreter\linkResolver.cpp, line 771]
Event: 3.684 Thread 0x000002044201ef90 Exception <a 'java/lang/NoSuchMethodError'{0x0000000084206980}: 'java.lang.Object java.lang.invoke.DirectMethodHandle$Holder.invokeSpecial(java.lang.Object, java.lang.Object, java.lang.Object, java.lang.Object, java.lang.Object, long)'> (0x0000000084206980) 
thrown [s\src\hotspot\share\interpreter\linkResolver.cpp, line 771]
Event: 3.685 Thread 0x000002044201ef90 Exception <a 'java/lang/NoSuchMethodError'{0x0000000084229a50}: 'void java.lang.invoke.DirectMethodHandle$Holder.invokeStatic(java.lang.Object, java.lang.Object, java.lang.Object, int, java.lang.Object)'> (0x0000000084229a50) 
thrown [s\src\hotspot\share\interpreter\linkResolver.cpp, line 771]
Event: 3.871 Thread 0x000002044201ef90 Exception <a 'java/lang/NoSuchMethodError'{0x000000008512a3c0}: 'java.lang.Object java.lang.invoke.DirectMethodHandle$Holder.newInvokeSpecial(java.lang.Object, java.lang.Object, java.lang.Object, java.lang.Object, int, java.lang.Object)'> (0x000000008512a3c0) 
thrown [s\src\hotspot\share\interpreter\linkResolver.cpp, line 771]
Event: 3.871 Thread 0x000002044201ef90 Exception <a 'java/lang/NoSuchMethodError'{0x000000008512f718}: 'java.lang.Object java.lang.invoke.Invokers$Holder.linkToTargetMethod(java.lang.Object, java.lang.Object, java.lang.Object, int, java.lang.Object, java.lang.Object)'> (0x000000008512f718) 
thrown [s\src\hotspot\share\interpreter\linkResolver.cpp, line 771]
Event: 3.958 Thread 0x000002044201ef90 Exception <a 'java/lang/NoSuchMethodError'{0x0000000083d86e78}: 'long java.lang.invoke.DirectMethodHandle$Holder.invokeVirtual(java.lang.Object, java.lang.Object)'> (0x0000000083d86e78) 
thrown [s\src\hotspot\share\interpreter\linkResolver.cpp, line 771]
Event: 3.960 Thread 0x000002044201ea80 Exception <a 'java/lang/NoSuchMethodError'{0x0000000083c07950}: static Lorg/gradle/internal/build/event/types/DefaultOperationFinishedProgressEvent;.<clinit>()V> (0x0000000083c07950) 
thrown [s\src\hotspot\share\prims\jni.cpp, line 1127]
Event: 3.962 Thread 0x000002044201ea80 Exception <a 'java/lang/NoSuchMethodError'{0x0000000083c2db18}: static Lorg/gradle/internal/build/event/types/DefaultProjectConfigurationSuccessResult;.<clinit>()V> (0x0000000083c2db18) 
thrown [s\src\hotspot\share\prims\jni.cpp, line 1127]
Event: 3.962 Thread 0x000002044201ea80 Exception <a 'java/lang/NoSuchMethodError'{0x0000000083c31e28}: static Lorg/gradle/internal/build/event/types/AbstractProjectConfigurationResult;.<clinit>()V> (0x0000000083c31e28) 
thrown [s\src\hotspot\share\prims\jni.cpp, line 1127]
Event: 3.962 Thread 0x000002044201ea80 Exception <a 'java/lang/NoSuchMethodError'{0x0000000083c33358}: static Lorg/gradle/internal/build/event/types/AbstractOperationResult;.<clinit>()V> (0x0000000083c33358) 
thrown [s\src\hotspot\share\prims\jni.cpp, line 1127]
Event: 3.962 Thread 0x000002044201ea80 Exception <a 'java/lang/NoSuchMethodError'{0x0000000083c34318}: static Lorg/gradle/internal/build/event/types/AbstractResult;.<clinit>()V> (0x0000000083c34318) 
thrown [s\src\hotspot\share\prims\jni.cpp, line 1127]
Event: 3.963 Thread 0x000002044201ea80 Exception <a 'java/lang/NoSuchMethodError'{0x0000000083c4a5f0}: static Lorg/gradle/internal/build/event/types/DefaultPluginApplicationResult;.<clinit>()V> (0x0000000083c4a5f0) 
thrown [s\src\hotspot\share\prims\jni.cpp, line 1127]
Event: 3.964 Thread 0x000002044201ea80 Exception <a 'java/lang/NoSuchMethodError'{0x0000000083c55b20}: static Lorg/gradle/internal/build/event/types/DefaultBinaryPluginIdentifier;.<clinit>()V> (0x0000000083c55b20) 
thrown [s\src\hotspot\share\prims\jni.cpp, line 1127]
Event: 3.965 Thread 0x000002044201ea80 Exception <a 'java/lang/NoSuchMethodError'{0x0000000083c6d168}: static Lorg/gradle/internal/build/event/types/DefaultScriptPluginIdentifier;.<clinit>()V> (0x0000000083c6d168) 
thrown [s\src\hotspot\share\prims\jni.cpp, line 1127]
Event: 4.021 Thread 0x000002044201ef90 Exception <a 'java/lang/NoSuchMethodError'{0x0000000083774088}: 'void java.lang.invoke.Invokers$Holder.invoke_MT(java.lang.Object, java.lang.Object, java.lang.Object, java.lang.Object)'> (0x0000000083774088) 
thrown [s\src\hotspot\share\interpreter\linkResolver.cpp, line 771]
Event: 4.025 Thread 0x000002044201ef90 Exception <a 'java/lang/NoSuchMethodError'{0x00000000837f3b00}: 'java.lang.Object java.lang.invoke.DirectMethodHandle$Holder.invokeSpecial(java.lang.Object, java.lang.Object, java.lang.Object, int, java.lang.Object, java.lang.Object)'> (0x00000000837f3b00) 
thrown [s\src\hotspot\share\interpreter\linkResolver.cpp, line 771]
Event: 4.116 Thread 0x000002044201ef90 Exception <a 'java/lang/ClassNotFoundException'{0x0000000084db0938}: sun/misc/SharedSecrets> (0x0000000084db0938) 
thrown [s\src\hotspot\share\classfile\systemDictionary.cpp, line 256]
Event: 4.116 Thread 0x000002044201ef90 Exception <a 'java/lang/ClassNotFoundException'{0x0000000084db1f10}: org/gradle/api/internal/plugins/DefaultObjectConfigurationActionBeanInfo> (0x0000000084db1f10) 
thrown [s\src\hotspot\share\classfile\systemDictionary.cpp, line 256]
Event: 4.116 Thread 0x000002044201ef90 Exception <a 'java/lang/ClassNotFoundException'{0x0000000084dc8178}: org/gradle/api/internal/plugins/DefaultObjectConfigurationActionCustomizer> (0x0000000084dc8178) 
thrown [s\src\hotspot\share\classfile\systemDictionary.cpp, line 256]

VM Operations (20 events):
Event: 4.258 Executing VM operation: G1CollectForAllocation
Event: 4.260 Executing VM operation: G1CollectForAllocation done
Event: 4.266 Executing VM operation: G1CollectForAllocation
Event: 4.268 Executing VM operation: G1CollectForAllocation done
Event: 4.384 Executing VM operation: G1CollectForAllocation
Event: 4.385 Executing VM operation: G1CollectForAllocation done
Event: 4.398 Executing VM operation: G1PauseRemark
Event: 4.400 Executing VM operation: G1PauseRemark done
Event: 4.408 Executing VM operation: G1PauseCleanup
Event: 4.408 Executing VM operation: G1PauseCleanup done
Event: 4.485 Executing VM operation: HandshakeAllThreads
Event: 4.485 Executing VM operation: HandshakeAllThreads done
Event: 4.515 Executing VM operation: HandshakeAllThreads
Event: 4.516 Executing VM operation: HandshakeAllThreads done
Event: 4.525 Executing VM operation: HandshakeAllThreads
Event: 4.526 Executing VM operation: HandshakeAllThreads done
Event: 4.532 Executing VM operation: G1CollectForAllocation
Event: 4.533 Executing VM operation: G1CollectForAllocation done
Event: 4.562 Executing VM operation: G1CollectForAllocation
Event: 4.565 Executing VM operation: G1CollectForAllocation done

Events (20 events):
Event: 4.579 loading class java/time/format/DateTimeFormatterBuilder$FractionPrinterParser
Event: 4.579 loading class java/time/format/DateTimeFormatterBuilder$FractionPrinterParser done
Event: 4.580 loading class java/time/format/DateTimeFormatterBuilder$ZoneIdPrinterParser
Event: 4.580 loading class java/time/format/DateTimeFormatterBuilder$ZoneIdPrinterParser done
Event: 4.580 loading class java/time/format/DateTimeFormatterBuilder$StringLiteralPrinterParser
Event: 4.580 loading class java/time/format/DateTimeFormatterBuilder$StringLiteralPrinterParser done
Event: 4.580 loading class java/time/format/DateTimeFormatterBuilder$InstantPrinterParser
Event: 4.580 loading class java/time/format/DateTimeFormatterBuilder$InstantPrinterParser done
Event: 4.580 loading class java/time/format/DateTimeTextProvider$LocaleStore
Event: 4.580 loading class java/time/format/DateTimeTextProvider$LocaleStore done
Event: 4.580 loading class java/time/format/DateTimeTextProvider
Event: 4.580 loading class java/time/format/DateTimeTextProvider done
Event: 4.580 loading class java/time/format/DateTimeTextProvider$1
Event: 4.580 loading class java/time/format/DateTimeTextProvider$1 done
Event: 4.580 loading class java/time/format/DateTimeFormatterBuilder$1
Event: 4.580 loading class java/time/format/DateTimeFormatterBuilder$1 done
Event: 4.580 loading class java/time/format/DateTimeFormatterBuilder$TextPrinterParser
Event: 4.580 loading class java/time/format/DateTimeFormatterBuilder$TextPrinterParser done
Event: 4.581 loading class java/util/concurrent/Executors$DefaultThreadFactory
Event: 4.581 loading class java/util/concurrent/Executors$DefaultThreadFactory done


Dynamic libraries:
0x00007ff766800000 - 0x00007ff76680a000 	D:\Android\Android_Studio\jbr\bin\java.exe
0x00007ff958720000 - 0x00007ff958929000 	C:\windows\SYSTEM32\ntdll.dll
0x00007ff9578f0000 - 0x00007ff9579ad000 	C:\windows\System32\KERNEL32.DLL
0x00007ff955cd0000 - 0x00007ff956054000 	C:\windows\System32\KERNELBASE.dll
0x00007ff956060000 - 0x00007ff956171000 	C:\windows\System32\ucrtbase.dll
0x00007ff8c3f00000 - 0x00007ff8c3f17000 	D:\Android\Android_Studio\jbr\bin\jli.dll
0x00007ff8c3ee0000 - 0x00007ff8c3efb000 	D:\Android\Android_Studio\jbr\bin\VCRUNTIME140.dll
0x00007ff956f90000 - 0x00007ff95713d000 	C:\windows\System32\USER32.dll
0x00007ff956360000 - 0x00007ff956386000 	C:\windows\System32\win32u.dll
0x00007ff938990000 - 0x00007ff938c35000 	C:\windows\WinSxS\amd64_microsoft.windows.common-controls_6595b64144ccf1df_6.0.22000.120_none_9d947278b86cc467\COMCTL32.dll
0x00007ff957400000 - 0x00007ff95742a000 	C:\windows\System32\GDI32.dll
0x00007ff957350000 - 0x00007ff9573f3000 	C:\windows\System32\msvcrt.dll
0x00007ff955bb0000 - 0x00007ff955cce000 	C:\windows\System32\gdi32full.dll
0x00007ff956390000 - 0x00007ff95642d000 	C:\windows\System32\msvcp_win.dll
0x00007ff9578b0000 - 0x00007ff9578e1000 	C:\windows\System32\IMM32.DLL
0x00007ff8c3ed0000 - 0x00007ff8c3edc000 	D:\Android\Android_Studio\jbr\bin\vcruntime140_1.dll
0x00007ff8c39e0000 - 0x00007ff8c3a6d000 	D:\Android\Android_Studio\jbr\bin\msvcp140.dll
0x00007ff8c1270000 - 0x00007ff8c1ef3000 	D:\Android\Android_Studio\jbr\bin\server\jvm.dll
0x00007ff957ba0000 - 0x00007ff957c4e000 	C:\windows\System32\ADVAPI32.dll
0x00007ff956ef0000 - 0x00007ff956f8e000 	C:\windows\System32\sechost.dll
0x00007ff957fa0000 - 0x00007ff9580c1000 	C:\windows\System32\RPCRT4.dll
0x00007ff954510000 - 0x00007ff95455d000 	C:\windows\SYSTEM32\POWRPROF.dll
0x00007ff94d970000 - 0x00007ff94d9a3000 	C:\windows\SYSTEM32\WINMM.dll
0x00007ff932730000 - 0x00007ff932739000 	C:\windows\SYSTEM32\WSOCK32.dll
0x00007ff94c1d0000 - 0x00007ff94c1da000 	C:\windows\SYSTEM32\VERSION.dll
0x00007ff956570000 - 0x00007ff9565df000 	C:\windows\System32\WS2_32.dll
0x00007ff954600000 - 0x00007ff954613000 	C:\windows\SYSTEM32\UMPDC.dll
0x00007ff954d10000 - 0x00007ff954d28000 	C:\windows\SYSTEM32\kernel.appcore.dll
0x00007ff942c60000 - 0x00007ff942c6a000 	D:\Android\Android_Studio\jbr\bin\jimage.dll
0x00007ff953060000 - 0x00007ff953281000 	C:\windows\SYSTEM32\DBGHELP.DLL
0x00007ff94b6c0000 - 0x00007ff94b6f1000 	C:\windows\SYSTEM32\dbgcore.DLL
0x00007ff956430000 - 0x00007ff9564af000 	C:\windows\System32\bcryptPrimitives.dll
0x00007ff909580000 - 0x00007ff90958e000 	D:\Android\Android_Studio\jbr\bin\instrument.dll
0x00007ff8c4450000 - 0x00007ff8c4475000 	D:\Android\Android_Studio\jbr\bin\java.dll
0x00007ff9059f0000 - 0x00007ff905a08000 	D:\Android\Android_Studio\jbr\bin\zip.dll
0x00007ff9565f0000 - 0x00007ff956db5000 	C:\windows\System32\SHELL32.dll
0x00007ff953c90000 - 0x00007ff9544f2000 	C:\windows\SYSTEM32\windows.storage.dll
0x00007ff9580d0000 - 0x00007ff958446000 	C:\windows\System32\combase.dll
0x00007ff953b20000 - 0x00007ff953c87000 	C:\windows\SYSTEM32\wintypes.dll
0x00007ff957ab0000 - 0x00007ff957b9a000 	C:\windows\System32\SHCORE.dll
0x00007ff957a10000 - 0x00007ff957a6d000 	C:\windows\System32\shlwapi.dll
0x00007ff955ae0000 - 0x00007ff955b05000 	C:\windows\SYSTEM32\profapi.dll
0x00007ff8c9e20000 - 0x00007ff8c9e39000 	D:\Android\Android_Studio\jbr\bin\net.dll
0x00007ff94ea30000 - 0x00007ff94eb44000 	C:\windows\SYSTEM32\WINHTTP.dll
0x00007ff9551c0000 - 0x00007ff955227000 	C:\windows\system32\mswsock.dll
0x00007ff8c45e0000 - 0x00007ff8c45f6000 	D:\Android\Android_Studio\jbr\bin\nio.dll
0x00007ff90ac80000 - 0x00007ff90ac90000 	D:\Android\Android_Studio\jbr\bin\verify.dll
0x00007ff90b210000 - 0x00007ff90b237000 	C:\Users\hgdat\.gradle\native\c067742578af261105cb4f569cf0c3c89f3d7b1fecec35dd04571415982c5e48\windows-amd64\native-platform.dll
0x00007ff8c2de0000 - 0x00007ff8c2f24000 	C:\Users\hgdat\.gradle\native\38dada09dfb8b06ba9b0570ebf7e218e3eb74d4ef43ca46872605cf95ebc2f47\windows-amd64\native-platform-file-events.dll
0x00007ff9233e0000 - 0x00007ff9233e9000 	D:\Android\Android_Studio\jbr\bin\management.dll
0x00007ff913f60000 - 0x00007ff913f6b000 	D:\Android\Android_Studio\jbr\bin\management_ext.dll
0x00007ff957c50000 - 0x00007ff957c58000 	C:\windows\System32\PSAPI.DLL
0x00007ff955400000 - 0x00007ff955418000 	C:\windows\SYSTEM32\CRYPTSP.dll
0x00007ff954c70000 - 0x00007ff954ca5000 	C:\windows\system32\rsaenh.dll
0x00007ff9552b0000 - 0x00007ff9552dc000 	C:\windows\SYSTEM32\USERENV.dll
0x00007ff955580000 - 0x00007ff9555a7000 	C:\windows\SYSTEM32\bcrypt.dll
0x00007ff955420000 - 0x00007ff95542c000 	C:\windows\SYSTEM32\CRYPTBASE.dll
0x00007ff954870000 - 0x00007ff95489d000 	C:\windows\SYSTEM32\IPHLPAPI.DLL
0x00007ff9565e0000 - 0x00007ff9565e9000 	C:\windows\System32\NSI.dll
0x00007ff94e910000 - 0x00007ff94e929000 	C:\windows\SYSTEM32\dhcpcsvc6.DLL
0x00007ff94ebf0000 - 0x00007ff94ec0e000 	C:\windows\SYSTEM32\dhcpcsvc.DLL
0x00007ff9548a0000 - 0x00007ff954987000 	C:\windows\SYSTEM32\DNSAPI.dll
0x00007ff935fb0000 - 0x00007ff935fb9000 	D:\Android\Android_Studio\jbr\bin\extnet.dll
0x00007ff94a8f0000 - 0x00007ff94a8f8000 	C:\windows\system32\wshunix.dll

dbghelp: loaded successfully - version: 4.0.5 - missing functions: none
symbol engine: initialized successfully - sym options: 0x614 - pdb path: .;D:\Android\Android_Studio\jbr\bin;C:\windows\SYSTEM32;C:\windows\WinSxS\amd64_microsoft.windows.common-controls_6595b64144ccf1df_6.0.22000.120_none_9d947278b86cc467;D:\Android\Android_Studio\jbr\bin\server;C:\Users\hgdat\.gradle\native\c067742578af261105cb4f569cf0c3c89f3d7b1fecec35dd04571415982c5e48\windows-amd64;C:\Users\hgdat\.gradle\native\38dada09dfb8b06ba9b0570ebf7e218e3eb74d4ef43ca46872605cf95ebc2f47\windows-amd64

VM Arguments:
jvm_args: --add-opens=java.base/java.util=ALL-UNNAMED --add-opens=java.base/java.lang=ALL-UNNAMED --add-opens=java.base/java.lang.invoke=ALL-UNNAMED --add-opens=java.prefs/java.util.prefs=ALL-UNNAMED --add-opens=java.base/java.nio.charset=ALL-UNNAMED --add-opens=java.base/java.net=ALL-UNNAMED --add-opens=java.base/java.util.concurrent.atomic=ALL-UNNAMED -Xmx2048m -Dfile.encoding=UTF-8 -Duser.country=US -Duser.language=en -Duser.variant -javaagent:C:\Users\hgdat\.gradle\wrapper\dists\gradle-8.7-bin\bhs2wmbdwecv87pi65oeuq5iu\gradle-8.7\lib\agents\gradle-instrumentation-agent-8.7.jar 
java_command: org.gradle.launcher.daemon.bootstrap.GradleDaemon 8.7
java_class_path (initial): C:\Users\hgdat\.gradle\wrapper\dists\gradle-8.7-bin\bhs2wmbdwecv87pi65oeuq5iu\gradle-8.7\lib\gradle-launcher-8.7.jar
Launcher Type: SUN_STANDARD

[Global flags]
     intx CICompilerCount                          = 4                                         {product} {ergonomic}
     uint ConcGCThreads                            = 3                                         {product} {ergonomic}
     uint G1ConcRefinementThreads                  = 10                                        {product} {ergonomic}
   size_t G1HeapRegionSize                         = 1048576                                   {product} {ergonomic}
    uintx GCDrainStackTargetSize                   = 64                                        {product} {ergonomic}
   size_t InitialHeapSize                          = 130023424                                 {product} {ergonomic}
   size_t MarkStackSize                            = 4194304                                   {product} {ergonomic}
   size_t MaxHeapSize                              = 2147483648                                {product} {command line}
   size_t MaxNewSize                               = 1287651328                                {product} {ergonomic}
   size_t MinHeapDeltaBytes                        = 1048576                                   {product} {ergonomic}
   size_t MinHeapSize                              = 8388608                                   {product} {ergonomic}
    uintx NonNMethodCodeHeapSize                   = 5839372                                {pd product} {ergonomic}
    uintx NonProfiledCodeHeapSize                  = 122909434                              {pd product} {ergonomic}
    uintx ProfiledCodeHeapSize                     = 122909434                              {pd product} {ergonomic}
    uintx ReservedCodeCacheSize                    = 251658240                              {pd product} {ergonomic}
     bool SegmentedCodeCache                       = true                                      {product} {ergonomic}
   size_t SoftMaxHeapSize                          = 2147483648                             {manageable} {ergonomic}
     bool UseCompressedClassPointers               = true                           {product lp64_product} {ergonomic}
     bool UseCompressedOops                        = true                           {product lp64_product} {ergonomic}
     bool UseG1GC                                  = true                                      {product} {ergonomic}
     bool UseLargePagesIndividualAllocation        = false                                  {pd product} {ergonomic}

Logging:
Log output configuration:
 #0: stdout all=warning uptime,level,tags
 #1: stderr all=off uptime,level,tags

Environment Variables:
PATH=C:\Program Files (x86)\VMware\VMware Workstation\bin\;C:\Program Files\Common Files\Oracle\Java\javapath;C:\Program Files\Microsoft MPI\Bin\;C:\windows\system32;C:\windows;C:\windows\System32\Wbem;C:\windows\System32\WindowsPowerShell\v1.0\;C:\windows\System32\OpenSSH\;C:\Program Files (x86)\NVIDIA Corporation\PhysX\Common;C:\Program Files\NVIDIA Corporation\NVIDIA NvDLISR;C:\MinGW\bin;C:\MinGW\bin;C:\Program Files (x86)\Microsoft SQL Server\160\Tools\Binn\;C:\Program Files\Microsoft SQL Server\160\Tools\Binn\;C:\Program Files\Microsoft SQL Server\Client SDK\ODBC\170\Tools\Binn\;C:\Program Files\Microsoft SQL Server\160\DTS\Binn\;C:\Program Files (x86)\Microsoft SQL Server\160\DTS\Binn\;C:\Program Files\Microsoft SQL Server\150\Tools\Binn\;C:\Program Files\Microsoft SQL Server\130\Tools\Binn\;D:\Git\cmd;C:\Users\hgdat\AppData\Local\Microsoft\WindowsApps;C:\Users\hgdat\AppData\Local\Programs\Microsoft VS Code\bin;C:\Program Files\Azure Data Studio\bin
USERNAME=HP
OS=Windows_NT
PROCESSOR_IDENTIFIER=Intel64 Family 6 Model 154 Stepping 3, GenuineIntel
TMP=C:\Users\hgdat\AppData\Local\Temp
TEMP=C:\Users\hgdat\AppData\Local\Temp



Periodic native trim disabled

JNI global refs:
JNI global refs: 26, weak refs: 4

JNI global refs memory usage: 843, weak refs: 841

Process memory usage:
Resident Set Size: 286484K (3% of 8048772K total physical memory with 316816K free physical memory)

OOME stack traces (most recent first):
Classloader memory used:
Loader org.gradle.internal.classloader.VisitableURLClassLoader                         : 3556K
Loader bootstrap                                                                       : 2488K
Loader org.gradle.initialization.MixInLegacyTypesClassLoader                           : 1108K
Loader org.gradle.internal.classloader.VisitableURLClassLoader$InstrumentingVisitableURLClassLoader: 650K
Loader jdk.internal.loader.ClassLoaders$PlatformClassLoader                            : 65416B
Loader jdk.internal.reflect.DelegatingClassLoader                                      : 30836B
Loader jdk.internal.loader.ClassLoaders$AppClassLoader                                 : 28714B
Loader org.gradle.internal.classloader.VisitableURLClassLoader                         : 14718B

Classes loaded by more than one classloader:
Class Program                                                                         : loaded 4 times (x 72B)
Class com.google.common.collect.Iterators$MergingIterator                             : loaded 2 times (x 79B)
Class [Lcom.google.common.collect.AbstractMapEntry;                                   : loaded 2 times (x 67B)
Class com.google.common.collect.SingletonImmutableList                                : loaded 2 times (x 167B)
Class com.google.common.cache.CacheLoader$SupplierToCacheLoader                       : loaded 2 times (x 73B)
Class org.gradle.internal.classpath.ClassPath                                         : loaded 2 times (x 68B)
Class com.google.common.cache.RemovalListener                                         : loaded 2 times (x 68B)
Class org.gradle.api.internal.classpath.DefaultModuleRegistry                         : loaded 2 times (x 84B)
Class Settings_gradle$1$1                                                             : loaded 2 times (x 72B)
Class com.google.common.collect.ListMultimap                                          : loaded 2 times (x 68B)
Class com.google.common.base.CharMatcher$JavaDigit                                    : loaded 2 times (x 109B)
Class com.google.common.base.CharMatcher$Digit                                        : loaded 2 times (x 110B)
Class com.google.common.collect.AbstractMultimap                                      : loaded 2 times (x 121B)
Class com.google.common.cache.CacheBuilder$OneWeigher                                 : loaded 2 times (x 80B)
Class org.gradle.api.Action                                                           : loaded 2 times (x 68B)
Class com.google.common.collect.ImmutableEntry                                        : loaded 2 times (x 80B)
Class com.google.common.collect.Lists$StringAsImmutableList                           : loaded 2 times (x 167B)
Class com.google.common.base.CharMatcher                                              : loaded 2 times (x 109B)
Class com.google.common.base.CharMatcher$IsNot                                        : loaded 2 times (x 109B)
Class com.google.common.base.Splitter                                                 : loaded 2 times (x 70B)
Class [Lcom.google.common.cache.Weigher;                                              : loaded 2 times (x 67B)
Class com.google.common.collect.Iterators$ArrayItr                                    : loaded 2 times (x 95B)
Class com.google.common.cache.LocalCache$Segment                                      : loaded 2 times (x 152B)
Class org.gradle.api.internal.DefaultClassPathProvider                                : loaded 2 times (x 74B)
Class org.gradle.internal.installation.GradleInstallation$1                           : loaded 2 times (x 73B)
Class com.google.common.base.CharMatcher$BitSetMatcher                                : loaded 2 times (x 110B)
Class com.google.common.collect.ImmutableMap$IteratorBasedImmutableMap                : loaded 2 times (x 123B)
Class com.google.common.collect.ImmutableMap                                          : loaded 2 times (x 118B)
Class com.google.common.base.Converter                                                : loaded 2 times (x 88B)
Class com.google.common.collect.ImmutableSet$EmptySetBuilderImpl                      : loaded 2 times (x 74B)
Class com.google.common.base.Equivalence                                              : loaded 2 times (x 80B)
Class com.google.common.cache.LocalCache$EntryFactory$1                               : loaded 2 times (x 81B)
Class com.google.common.cache.LocalCache$EntryFactory$2                               : loaded 2 times (x 81B)
Class com.google.common.cache.LocalCache$EntryFactory$3                               : loaded 2 times (x 81B)
Class com.google.common.cache.LocalCache$EntryFactory$4                               : loaded 2 times (x 81B)
Class com.google.common.cache.LocalCache$EntryFactory$5                               : loaded 2 times (x 81B)
Class com.google.common.cache.LocalCache$EntryFactory$6                               : loaded 2 times (x 81B)
Class com.google.common.cache.LocalCache$EntryFactory$7                               : loaded 2 times (x 81B)
Class com.google.common.cache.LocalCache$EntryFactory$8                               : loaded 2 times (x 81B)
Class com.google.common.base.Predicate                                                : loaded 2 times (x 68B)
Class org.gradle.internal.classloader.FilteringClassLoader                            : loaded 2 times (x 103B)
Class com.google.common.collect.RegularImmutableSet                                   : loaded 2 times (x 146B)
Class [Lcom.google.common.cache.LocalCache$Strength;                                  : loaded 2 times (x 67B)
Class org.gradle.internal.classpath.DefaultClassPath$ImmutableUniqueList$Builder      : loaded 2 times (x 73B)
Class com.google.common.collect.Maps$8                                                : loaded 2 times (x 80B)
Class [Lcom.google.common.cache.CacheBuilder$NullListener;                            : loaded 2 times (x 67B)
Class com.google.common.base.PatternCompiler                                          : loaded 2 times (x 68B)
Class com.google.common.base.CharMatcher$InRange                                      : loaded 2 times (x 109B)
Class com.google.common.collect.BiMap                                                 : loaded 2 times (x 68B)
Class com.google.common.collect.Lists                                                 : loaded 2 times (x 69B)
Class com.google.common.math.IntMath$1                                                : loaded 2 times (x 69B)
Class org.gradle.internal.classloader.ClassLoaderVisitor                              : loaded 2 times (x 74B)
Class com.google.common.cache.CacheBuilder$NullListener                               : loaded 2 times (x 80B)
Class com.google.common.math.MathPreconditions                                        : loaded 2 times (x 69B)
Class org.gradle.internal.service.DefaultServiceLocator                               : loaded 2 times (x 81B)
Class org.gradle.internal.service.UnknownServiceException                             : loaded 2 times (x 81B)
Class com.google.common.collect.ArrayListMultimap                                     : loaded 2 times (x 170B)
Class com.google.common.base.Strings                                                  : loaded 2 times (x 69B)
Class com.google.common.cache.CacheLoader$InvalidCacheLoadException                   : loaded 2 times (x 80B)
Class org.gradle.internal.classloader.DefaultClassLoaderFactory                       : loaded 2 times (x 80B)
Class com.google.common.collect.UnmodifiableIterator                                  : loaded 2 times (x 78B)
Class com.google.common.base.Platform$JdkPatternCompiler                              : loaded 2 times (x 73B)
Class com.google.common.cache.LocalCache$LoadingValueReference                        : loaded 2 times (x 94B)
Class com.google.common.base.CharMatcher$SingleWidth                                  : loaded 2 times (x 110B)
Class com.google.common.collect.Hashing                                               : loaded 2 times (x 69B)
Class com.google.common.base.JdkPattern                                               : loaded 2 times (x 73B)
Class com.google.common.collect.Multimap                                              : loaded 2 times (x 68B)
Class com.google.common.base.FunctionalEquivalence                                    : loaded 2 times (x 81B)
Class com.google.common.cache.LocalCache$1                                            : loaded 2 times (x 87B)
Class com.google.common.cache.LocalCache$2                                            : loaded 2 times (x 140B)
Class org.gradle.internal.classloader.VisitableURLClassLoader$Spec                    : loaded 2 times (x 72B)
Class org.gradle.api.GradleException                                                  : loaded 2 times (x 80B)
Class com.google.common.base.CharMatcher$JavaLetterOrDigit                            : loaded 2 times (x 109B)
Class org.gradle.api.internal.classpath.ModuleRegistry                                : loaded 2 times (x 68B)
Class com.google.common.cache.CacheBuilder                                            : loaded 2 times (x 70B)
Class com.google.common.collect.ImmutableCollection                                   : loaded 2 times (x 123B)
Class com.google.common.base.PairwiseEquivalence                                      : loaded 2 times (x 81B)
Class com.google.common.base.Ticker                                                   : loaded 2 times (x 70B)
Class org.gradle.api.internal.ClassPathProvider                                       : loaded 2 times (x 68B)
Class com.google.common.collect.RegularImmutableMap$Values                            : loaded 2 times (x 167B)
Class org.gradle.internal.classloader.ClasspathUtil$1                                 : loaded 2 times (x 74B)
Class com.google.common.collect.ImmutableEnumMap                                      : loaded 2 times (x 123B)
Class com.google.common.collect.ImmutableList$ReverseImmutableList                    : loaded 2 times (x 168B)
Class com.google.common.cache.AbstractCache$StatsCounter                              : loaded 2 times (x 68B)
Class com.google.common.cache.LocalCache$Strength$1                                   : loaded 2 times (x 79B)
Class com.google.common.cache.LocalCache$Strength$2                                   : loaded 2 times (x 79B)
Class com.google.common.cache.LocalCache$Strength$3                                   : loaded 2 times (x 79B)
Class org.gradle.internal.classloader.ClassLoaderFactory                              : loaded 2 times (x 68B)
Class com.google.common.collect.ObjectArrays                                          : loaded 2 times (x 69B)
Class com.google.common.collect.Iterators$10                                          : loaded 2 times (x 79B)
Class com.google.common.collect.ImmutableList                                         : loaded 2 times (x 166B)
Class org.gradle.api.internal.classpath.ManifestUtil                                  : loaded 2 times (x 69B)
Class org.gradle.api.specs.Spec                                                       : loaded 2 times (x 68B)
Class com.google.common.cache.CacheLoader$UnsupportedLoadingOperationException        : loaded 2 times (x 80B)
Class com.google.common.base.CharMatcher$Whitespace                                   : loaded 2 times (x 110B)
Class com.google.common.collect.Iterators$1                                           : loaded 2 times (x 79B)
Class com.google.common.collect.Iterators$4                                           : loaded 2 times (x 80B)
Class com.google.common.collect.RegularImmutableMap$BucketOverflowException           : loaded 2 times (x 80B)
Class com.google.common.collect.Iterators$5                                           : loaded 2 times (x 80B)
Class com.google.common.base.Equivalence$Equals                                       : loaded 2 times (x 80B)
Class com.google.common.base.Preconditions                                            : loaded 2 times (x 69B)
Class com.google.common.base.Function                                                 : loaded 2 times (x 68B)
Class com.google.common.collect.Iterators$9                                           : loaded 2 times (x 79B)
Class org.gradle.internal.IoActions                                                   : loaded 2 times (x 69B)
Class com.google.common.cache.ReferenceEntry                                          : loaded 2 times (x 68B)
Class com.google.common.collect.RegularImmutableMap$KeySet                            : loaded 2 times (x 148B)
Class com.google.common.collect.CollectPreconditions                                  : loaded 2 times (x 69B)
Class com.google.common.collect.Maps                                                  : loaded 2 times (x 69B)
Class com.google.common.collect.RegularImmutableMap                                   : loaded 2 times (x 119B)
Class com.google.common.collect.AbstractIndexedListIterator                           : loaded 2 times (x 94B)
Class com.google.common.base.CharMatcher$None                                         : loaded 2 times (x 110B)
Class org.gradle.api.internal.classpath.EffectiveClassPath                            : loaded 2 times (x 88B)
Class com.google.common.collect.UnmodifiableListIterator                              : loaded 2 times (x 93B)
Class com.google.common.cache.CacheLoader$FunctionToCacheLoader                       : loaded 2 times (x 73B)
Class com.google.common.cache.CacheBuilder$1                                          : loaded 2 times (x 83B)
Class com.google.common.cache.CacheBuilder$2                                          : loaded 2 times (x 70B)
Class com.google.common.collect.ImmutableList$1                                       : loaded 2 times (x 95B)
Class com.google.common.base.Splitter$Strategy                                        : loaded 2 times (x 68B)
Class com.google.common.collect.ImmutableMapEntrySet$RegularEntrySet                  : loaded 2 times (x 149B)
Class [Lcom.google.common.cache.RemovalListener;                                      : loaded 2 times (x 67B)
Class [Lcom.google.common.collect.ImmutableMapEntry;                                  : loaded 2 times (x 67B)
Class org.gradle.internal.installation.CurrentGradleInstallation                      : loaded 2 times (x 71B)
Class org.gradle.internal.agents.InstrumentingClassLoader                             : loaded 2 times (x 68B)
Class org.gradle.internal.installation.CurrentGradleInstallationLocator               : loaded 2 times (x 69B)
Class [Lcom.google.common.cache.LocalCache$Segment;                                   : loaded 2 times (x 67B)
Class org.gradle.api.internal.classpath.Module                                        : loaded 2 times (x 68B)
Class com.google.common.base.Splitter$1$1                                             : loaded 2 times (x 84B)
Class com.google.common.collect.ImmutableSet$JdkBackedSetBuilderImpl                  : loaded 2 times (x 74B)
Class com.google.common.collect.ImmutableSet$RegularSetBuilderImpl                    : loaded 2 times (x 75B)
Class org.gradle.internal.service.CachingServiceLocator                               : loaded 2 times (x 80B)
Class [Lcom.google.common.collect.ImmutableEntry;                                     : loaded 2 times (x 67B)
Class org.gradle.internal.classpath.DefaultClassPath                                  : loaded 2 times (x 88B)
Class com.google.common.base.Splitter$SplittingIterator                               : loaded 2 times (x 82B)
Class com.google.common.cache.LocalCache$LocalManualCache$1                           : loaded 2 times (x 73B)
Class Build_gradle$1                                                                  : loaded 2 times (x 76B)
Class [Lcom.google.common.cache.LocalCache$EntryFactory;                              : loaded 2 times (x 67B)
Class com.google.common.base.CharMatcher$Is                                           : loaded 2 times (x 109B)
Class com.google.common.base.Platform                                                 : loaded 2 times (x 69B)
Class com.google.common.collect.RegularImmutableAsList                                : loaded 2 times (x 176B)
Class com.google.common.collect.PeekingIterator                                       : loaded 2 times (x 68B)
Class com.google.common.collect.ImmutableMapEntrySet                                  : loaded 2 times (x 149B)
Class com.google.common.cache.CacheLoader                                             : loaded 2 times (x 72B)
Class com.google.common.collect.ImmutableBiMapFauxverideShim                          : loaded 2 times (x 118B)
Class com.google.common.cache.Cache                                                   : loaded 2 times (x 68B)
Class org.gradle.internal.classloader.SystemClassLoaderSpec                           : loaded 2 times (x 69B)
Class com.google.common.collect.SingletonImmutableSet                                 : loaded 2 times (x 144B)
Class [Lcom.google.common.base.AbstractIterator$State;                                : loaded 2 times (x 67B)
Class com.google.common.collect.ImmutableMap$Builder                                  : loaded 2 times (x 80B)
Class com.google.common.base.AbstractIterator                                         : loaded 2 times (x 78B)
Class com.google.common.base.AbstractIterator$1                                       : loaded 2 times (x 69B)
Class [Lcom.google.common.cache.CacheBuilder$OneWeigher;                              : loaded 2 times (x 67B)
Class com.google.common.collect.Iterators                                             : loaded 2 times (x 69B)
Class com.google.common.base.CharMatcher$1                                            : loaded 2 times (x 111B)
Class com.google.common.base.CharMatcher$Ascii                                        : loaded 2 times (x 110B)
Class com.google.common.cache.LocalCache$ComputingValueReference                      : loaded 2 times (x 94B)
Class org.gradle.api.UncheckedIOException                                             : loaded 2 times (x 80B)
Class com.google.common.base.CharMatcher$And                                          : loaded 2 times (x 110B)
Class com.google.common.collect.IndexedImmutableSet                                   : loaded 2 times (x 148B)
Class com.google.common.collect.AbstractListMultimap                                  : loaded 2 times (x 170B)
Class com.google.common.base.CharMatcher$Any                                          : loaded 2 times (x 110B)
Class org.gradle.internal.installation.GradleInstallation                             : loaded 2 times (x 73B)
Class com.google.common.cache.LocalCache$Strength                                     : loaded 2 times (x 79B)
Class com.google.common.collect.ArrayListMultimapGwtSerializationDependencies         : loaded 2 times (x 170B)
Class com.google.common.base.CharMatcher$RangesMatcher                                : loaded 2 times (x 110B)
Class com.google.common.collect.ImmutableList$SubList                                 : loaded 2 times (x 168B)
Class com.google.common.cache.LocalCache$ValueReference                               : loaded 2 times (x 68B)
Class org.gradle.internal.classloader.ClasspathUtil                                   : loaded 2 times (x 69B)
Class com.google.common.base.Splitter$1                                               : loaded 2 times (x 75B)
Class com.google.common.base.Ticker$1                                                 : loaded 2 times (x 70B)
Class com.google.common.collect.Maps$BiMapConverter                                   : loaded 2 times (x 88B)
Class org.gradle.api.internal.DefaultClassPathRegistry                                : loaded 2 times (x 74B)
Class com.google.common.collect.ImmutableSet$SetBuilderImpl                           : loaded 2 times (x 74B)
Class org.gradle.api.internal.classpath.DefaultModuleRegistry$DefaultModule           : loaded 2 times (x 84B)
Class com.google.common.base.CharMatcher$JavaIsoControl                               : loaded 2 times (x 110B)
Class com.google.common.collect.ImmutableMap$1                                        : loaded 2 times (x 79B)
Class com.google.common.base.CharMatcher$Or                                           : loaded 2 times (x 110B)
Class org.gradle.kotlin.dsl.VersionCatalogAccessorsKt                                 : loaded 2 times (x 69B)
Class com.google.common.base.Suppliers$SupplierOfInstance                             : loaded 2 times (x 77B)
Class com.google.common.collect.Iterables                                             : loaded 2 times (x 69B)
Class com.google.common.base.CharMatcher$JavaLowerCase                                : loaded 2 times (x 109B)
Class org.gradle.api.internal.classpath.UnknownModuleException                        : loaded 2 times (x 80B)
Class com.google.common.collect.Maps$EntryTransformer                                 : loaded 2 times (x 68B)
Class com.google.common.collect.ImmutableCollection$Builder                           : loaded 2 times (x 74B)
Class com.google.common.base.CommonPattern                                            : loaded 2 times (x 72B)
Class com.google.common.base.Suppliers                                                : loaded 2 times (x 69B)
Class com.google.common.cache.LoadingCache                                            : loaded 2 times (x 68B)
Class org.gradle.internal.service.ServiceLookupException                              : loaded 2 times (x 80B)
Class org.gradle.cache.GlobalCache                                                    : loaded 2 times (x 68B)
Class com.google.common.base.CharMatcher$NegatedFastMatcher                           : loaded 2 times (x 111B)
Class [Lorg.gradle.api.internal.ClassPathProvider;                                    : loaded 2 times (x 67B)
Class org.gradle.util.internal.GUtil                                                  : loaded 2 times (x 69B)
Class com.google.common.math.IntMath                                                  : loaded 2 times (x 69B)
Class com.google.common.collect.AbstractIterator                                      : loaded 2 times (x 80B)
Class org.gradle.internal.classloader.ClassLoaderSpec                                 : loaded 2 times (x 69B)
Class com.google.common.base.NullnessCasts                                            : loaded 2 times (x 69B)
Class com.google.common.cache.LocalCache$LocalManualCache                             : loaded 2 times (x 97B)
Class com.google.common.collect.AbstractMapEntry                                      : loaded 2 times (x 79B)
Class com.google.common.base.CharMatcher$Negated                                      : loaded 2 times (x 111B)
Class com.google.common.cache.CacheLoader$1                                           : loaded 2 times (x 73B)
Class com.google.common.collect.ImmutableSet$Builder                                  : loaded 2 times (x 83B)
Class com.google.common.base.CharMatcher$ForPredicate                                 : loaded 2 times (x 110B)
Class com.google.common.collect.ImmutableMap$MapViewOfValuesAsSingletonSets           : loaded 2 times (x 123B)
Class com.google.common.base.MoreObjects                                              : loaded 2 times (x 69B)
Class com.google.common.collect.SortedMapDifference                                   : loaded 2 times (x 68B)
Class com.google.common.cache.CacheStats                                              : loaded 2 times (x 69B)
Class org.gradle.internal.classloader.VisitableURLClassLoader                         : loaded 2 times (x 115B)
Class com.google.common.cache.LocalCache$LocalLoadingCache                            : loaded 2 times (x 132B)
Class com.google.common.base.Supplier                                                 : loaded 2 times (x 68B)
Class com.google.common.collect.ImmutableBiMap                                        : loaded 2 times (x 141B)
Class org.gradle.internal.Cast                                                        : loaded 2 times (x 69B)
Class Build_gradle                                                                    : loaded 2 times (x 70B)
Class org.gradle.api.internal.ClassPathRegistry                                       : loaded 2 times (x 68B)
Class com.google.common.cache.LocalCache$EntryFactory                                 : loaded 2 times (x 81B)
Class com.google.common.util.concurrent.UncheckedExecutionException                   : loaded 2 times (x 80B)
Class com.google.common.collect.ImmutableSet                                          : loaded 2 times (x 143B)
Class org.gradle.internal.classloader.VisitableURLClassLoader$InstrumentingVisitableURLClassLoader: loaded 2 times (x 121B)
Class org.gradle.internal.classloader.ClassLoaderHierarchy                            : loaded 2 times (x 68B)
Class com.google.common.base.AbstractIterator$State                                   : loaded 2 times (x 77B)
Class com.google.common.cache.Weigher                                                 : loaded 2 times (x 68B)
Class com.google.common.base.CharMatcher$NamedFastMatcher                             : loaded 2 times (x 110B)
Class org.gradle.internal.InternalTransformer                                         : loaded 2 times (x 68B)
Class org.gradle.internal.service.ServiceLocator                                      : loaded 2 times (x 68B)
Class Settings_gradle$1                                                               : loaded 2 times (x 72B)
Class com.google.common.collect.ImmutableMapEntry                                     : loaded 2 times (x 83B)
Class com.google.common.base.CharMatcher$Invisible                                    : loaded 2 times (x 110B)
Class com.google.common.base.CharMatcher$FastMatcher                                  : loaded 2 times (x 109B)
Class org.gradle.internal.classpath.DefaultClassPath$ImmutableUniqueList              : loaded 2 times (x 159B)
Class com.google.common.base.CharMatcher$JavaLetter                                   : loaded 2 times (x 109B)
Class org.gradle.internal.classpath.TransformedClassPath                              : loaded 2 times (x 94B)
Class com.google.common.collect.MapDifference                                         : loaded 2 times (x 68B)
Class Settings_gradle                                                                 : loaded 2 times (x 126B)
Class com.google.common.collect.Platform                                              : loaded 2 times (x 69B)
Class com.google.common.collect.ImmutableAsList                                       : loaded 2 times (x 169B)
Class com.google.common.util.concurrent.ExecutionError                                : loaded 2 times (x 80B)
Class com.google.common.base.Equivalence$Identity                                     : loaded 2 times (x 80B)
Class com.google.common.base.CharMatcher$AnyOf                                        : loaded 2 times (x 110B)
Class com.google.common.base.CharMatcher$IsEither                                     : loaded 2 times (x 109B)
Class com.google.common.cache.LocalCache                                              : loaded 2 times (x 185B)
Class com.google.common.collect.RegularImmutableList                                  : loaded 2 times (x 172B)
Class com.google.common.base.CharMatcher$JavaUpperCase                                : loaded 2 times (x 109B)
Class com.google.common.collect.Multiset                                              : loaded 2 times (x 68B)
Class com.google.common.collect.ImmutableSet$CachingAsList                            : loaded 2 times (x 145B)
Class com.google.common.collect.ImmutableMapEntry$NonTerminalImmutableMapEntry        : loaded 2 times (x 83B)
Class com.google.common.collect.AbstractMapBasedMultimap                              : loaded 2 times (x 137B)


---------------  S Y S T E M  ---------------

OS:
 Windows 11 , 64 bit Build 22000 (10.0.22000.2538)
OS uptime: 0 days 0:07 hours

CPU: total 12 (initial active 12) (6 cores per cpu, 2 threads per core) family 6 model 154 stepping 3 microcode 0x42a, cx8, cmov, fxsr, ht, mmx, 3dnowpref, sse, sse2, sse3, ssse3, sse4.1, sse4.2, popcnt, lzcnt, tsc, tscinvbit, avx, avx2, aes, erms, clmul, bmi1, bmi2, adx, sha, fma, vzeroupper, clflush, clflushopt, clwb
Processor Information for processor 0
  Max Mhz: 2000, Current Mhz: 2000, Mhz Limit: 1500
Processor Information for processor 1
  Max Mhz: 2000, Current Mhz: 2000, Mhz Limit: 1500
Processor Information for processor 2
  Max Mhz: 2000, Current Mhz: 2000, Mhz Limit: 2000
Processor Information for processor 3
  Max Mhz: 2000, Current Mhz: 2000, Mhz Limit: 2000
Processor Information for processor 4
  Max Mhz: 2000, Current Mhz: 2000, Mhz Limit: 2000
Processor Information for processor 5
  Max Mhz: 2000, Current Mhz: 2000, Mhz Limit: 2000
Processor Information for processor 6
  Max Mhz: 2000, Current Mhz: 2000, Mhz Limit: 2000
Processor Information for processor 7
  Max Mhz: 2000, Current Mhz: 2000, Mhz Limit: 2000
Processor Information for processor 8
  Max Mhz: 2000, Current Mhz: 1500, Mhz Limit: 1500
Processor Information for processor 9
  Max Mhz: 2000, Current Mhz: 1500, Mhz Limit: 1500
Processor Information for processor 10
  Max Mhz: 2000, Current Mhz: 1500, Mhz Limit: 1500
Processor Information for processor 11
  Max Mhz: 2000, Current Mhz: 1500, Mhz Limit: 1500

Memory: 4k page, system-wide physical 7860M (309M free)
TotalPageFile size 11956M (AvailPageFile size 7M)
current process WorkingSet (physical memory assigned to process): 280M, peak: 280M
current process commit charge ("private bytes"): 365M, peak: 368M

vm_info: OpenJDK 64-Bit Server VM (17.0.11+0--11852314) for windows-amd64 JRE (17.0.11+0--11852314), built on May 16 2024 21:29:20 by "androidbuild" with MS VC++ 16.10 / 16.11 (VS2019)

END.
